2021-03-18 21:49:29 startup archives install
2021-03-18 21:49:30 install base-passwd:armhf <none> 3.5.46
2021-03-18 21:49:30 status half-installed base-passwd:armhf 3.5.46
2021-03-18 21:49:30 status unpacked base-passwd:armhf 3.5.46
2021-03-18 21:49:31 configure base-passwd:armhf 3.5.46 3.5.46
2021-03-18 21:49:31 status half-configured base-passwd:armhf 3.5.46
2021-03-18 21:49:33 status installed base-passwd:armhf 3.5.46
2021-03-18 21:49:34 startup archives install
2021-03-18 21:49:34 install base-files:armhf <none> 10.3+deb10u8
2021-03-18 21:49:34 status half-installed base-files:armhf 10.3+deb10u8
2021-03-18 21:49:35 status unpacked base-files:armhf 10.3+deb10u8
2021-03-18 21:49:35 configure base-files:armhf 10.3+deb10u8 10.3+deb10u8
2021-03-18 21:49:36 status half-configured base-files:armhf 10.3+deb10u8
2021-03-18 21:49:37 status installed base-files:armhf 10.3+deb10u8
2021-03-18 21:49:37 startup archives install
2021-03-18 21:49:38 upgrade dpkg 1.19.7 1.19.7
2021-03-18 21:49:38 status half-configured dpkg 1.19.7
2021-03-18 21:49:38 status unpacked dpkg 1.19.7
2021-03-18 21:49:38 status half-installed dpkg 1.19.7
2021-03-18 21:49:40 status unpacked dpkg:armhf 1.19.7
2021-03-18 21:49:40 configure dpkg:armhf 1.19.7 1.19.7
2021-03-18 21:49:41 status half-configured dpkg:armhf 1.19.7
2021-03-18 21:49:41 status installed dpkg:armhf 1.19.7
2021-03-18 21:49:42 startup archives install
2021-03-18 21:49:43 install libc6:armhf <none> 2.28-10
2021-03-18 21:49:43 status half-installed libc6:armhf 2.28-10
2021-03-18 21:49:48 status unpacked libc6:armhf 2.28-10
2021-03-18 21:49:48 configure libc6:armhf 2.28-10 2.28-10
2021-03-18 21:49:49 status half-configured libc6:armhf 2.28-10
2021-03-18 21:49:51 status installed libc6:armhf 2.28-10
2021-03-18 21:49:51 startup archives install
2021-03-18 21:49:51 install perl-base:armhf <none> 5.28.1-6+deb10u1
2021-03-18 21:49:51 status half-installed perl-base:armhf 5.28.1-6+deb10u1
2021-03-18 21:49:54 status unpacked perl-base:armhf 5.28.1-6+deb10u1
2021-03-18 21:49:55 configure perl-base:armhf 5.28.1-6+deb10u1 5.28.1-6+deb10u1
2021-03-18 21:49:55 status half-configured perl-base:armhf 5.28.1-6+deb10u1
2021-03-18 21:49:55 status installed perl-base:armhf 5.28.1-6+deb10u1
2021-03-18 21:49:55 startup archives install
2021-03-18 21:49:56 install mawk:armhf <none> 1.3.3-17+b3
2021-03-18 21:49:56 status half-installed mawk:armhf 1.3.3-17+b3
2021-03-18 21:49:56 status unpacked mawk:armhf 1.3.3-17+b3
2021-03-18 21:49:57 configure mawk:armhf 1.3.3-17+b3 1.3.3-17+b3
2021-03-18 21:49:57 status half-configured mawk:armhf 1.3.3-17+b3
2021-03-18 21:49:57 status installed mawk:armhf 1.3.3-17+b3
2021-03-18 21:49:57 startup archives install
2021-03-18 21:49:58 install debconf:all <none> 1.5.71
2021-03-18 21:49:58 status half-installed debconf:all 1.5.71
2021-03-18 21:49:59 status unpacked debconf:all 1.5.71
2021-03-18 21:49:59 configure debconf:all 1.5.71 1.5.71
2021-03-18 21:50:00 status half-configured debconf:all 1.5.71
2021-03-18 21:50:03 status installed debconf:all 1.5.71
2021-03-18 21:50:04 startup archives unpack
2021-03-18 21:50:05 install libacl1:armhf <none> 2.2.53-4
2021-03-18 21:50:05 status half-installed libacl1:armhf 2.2.53-4
2021-03-18 21:50:06 status unpacked libacl1:armhf 2.2.53-4
2021-03-18 21:50:07 install adduser:all <none> 3.118
2021-03-18 21:50:07 status half-installed adduser:all 3.118
2021-03-18 21:50:08 status unpacked adduser:all 3.118
2021-03-18 21:50:09 install apt:armhf <none> 1.8.2.2
2021-03-18 21:50:09 status half-installed apt:armhf 1.8.2.2
2021-03-18 21:50:13 status unpacked apt:armhf 1.8.2.2
2021-03-18 21:50:14 install libapt-pkg5.0:armhf <none> 1.8.2.2
2021-03-18 21:50:14 status half-installed libapt-pkg5.0:armhf 1.8.2.2
2021-03-18 21:50:15 status unpacked libapt-pkg5.0:armhf 1.8.2.2
2021-03-18 21:50:16 install libattr1:armhf <none> 1:2.4.48-4
2021-03-18 21:50:16 status half-installed libattr1:armhf 1:2.4.48-4
2021-03-18 21:50:16 status unpacked libattr1:armhf 1:2.4.48-4
2021-03-18 21:50:17 install libaudit-common:all <none> 1:2.8.4-3
2021-03-18 21:50:17 status half-installed libaudit-common:all 1:2.8.4-3
2021-03-18 21:50:17 status unpacked libaudit-common:all 1:2.8.4-3
2021-03-18 21:50:18 install libaudit1:armhf <none> 1:2.8.4-3
2021-03-18 21:50:18 status half-installed libaudit1:armhf 1:2.8.4-3
2021-03-18 21:50:19 status unpacked libaudit1:armhf 1:2.8.4-3
2021-03-18 21:50:19 upgrade base-files:armhf 10.3+deb10u8 10.3+deb10u8
2021-03-18 21:50:19 status half-configured base-files:armhf 10.3+deb10u8
2021-03-18 21:50:19 status unpacked base-files:armhf 10.3+deb10u8
2021-03-18 21:50:20 status half-installed base-files:armhf 10.3+deb10u8
2021-03-18 21:50:20 status unpacked base-files:armhf 10.3+deb10u8
2021-03-18 21:50:21 upgrade base-passwd:armhf 3.5.46 3.5.46
2021-03-18 21:50:21 status half-configured base-passwd:armhf 3.5.46
2021-03-18 21:50:21 status unpacked base-passwd:armhf 3.5.46
2021-03-18 21:50:21 status half-installed base-passwd:armhf 3.5.46
2021-03-18 21:50:22 status unpacked base-passwd:armhf 3.5.46
2021-03-18 21:50:23 install bash:armhf <none> 5.0-4
2021-03-18 21:50:23 status half-installed bash:armhf 5.0-4
2021-03-18 21:50:25 status unpacked bash:armhf 5.0-4
2021-03-18 21:50:25 install libbz2-1.0:armhf <none> 1.0.6-9.2~deb10u1
2021-03-18 21:50:25 status half-installed libbz2-1.0:armhf 1.0.6-9.2~deb10u1
2021-03-18 21:50:26 status unpacked libbz2-1.0:armhf 1.0.6-9.2~deb10u1
2021-03-18 21:50:27 install libdebconfclient0:armhf <none> 0.249
2021-03-18 21:50:27 status half-installed libdebconfclient0:armhf 0.249
2021-03-18 21:50:27 status unpacked libdebconfclient0:armhf 0.249
2021-03-18 21:50:28 install coreutils:armhf <none> 8.30-3
2021-03-18 21:50:28 status half-installed coreutils:armhf 8.30-3
2021-03-18 21:50:31 status unpacked coreutils:armhf 8.30-3
2021-03-18 21:50:32 install dash:armhf <none> 0.5.10.2-5
2021-03-18 21:50:32 status half-installed dash:armhf 0.5.10.2-5
2021-03-18 21:50:32 status unpacked dash:armhf 0.5.10.2-5
2021-03-18 21:50:33 install libdb5.3:armhf <none> 5.3.28+dfsg1-0.5
2021-03-18 21:50:33 status half-installed libdb5.3:armhf 5.3.28+dfsg1-0.5
2021-03-18 21:50:34 status unpacked libdb5.3:armhf 5.3.28+dfsg1-0.5
2021-03-18 21:50:35 upgrade debconf:all 1.5.71 1.5.71
2021-03-18 21:50:35 status half-configured debconf:all 1.5.71
2021-03-18 21:50:35 status unpacked debconf:all 1.5.71
2021-03-18 21:50:36 status half-installed debconf:all 1.5.71
2021-03-18 21:50:36 status unpacked debconf:all 1.5.71
2021-03-18 21:50:37 install debian-archive-keyring:all <none> 2019.1
2021-03-18 21:50:37 status half-installed debian-archive-keyring:all 2019.1
2021-03-18 21:50:38 status unpacked debian-archive-keyring:all 2019.1
2021-03-18 21:50:38 install debianutils:armhf <none> 4.8.6.1
2021-03-18 21:50:38 status half-installed debianutils:armhf 4.8.6.1
2021-03-18 21:50:39 status unpacked debianutils:armhf 4.8.6.1
2021-03-18 21:50:40 install diffutils:armhf <none> 1:3.7-3
2021-03-18 21:50:40 status half-installed diffutils:armhf 1:3.7-3
2021-03-18 21:50:40 status unpacked diffutils:armhf 1:3.7-3
2021-03-18 21:50:41 upgrade dpkg:armhf 1.19.7 1.19.7
2021-03-18 21:50:41 status half-configured dpkg:armhf 1.19.7
2021-03-18 21:50:41 status unpacked dpkg:armhf 1.19.7
2021-03-18 21:50:41 status half-installed dpkg:armhf 1.19.7
2021-03-18 21:50:43 status unpacked dpkg:armhf 1.19.7
2021-03-18 21:50:43 install e2fsprogs:armhf <none> 1.44.5-1+deb10u3
2021-03-18 21:50:43 status half-installed e2fsprogs:armhf 1.44.5-1+deb10u3
2021-03-18 21:50:44 status unpacked e2fsprogs:armhf 1.44.5-1+deb10u3
2021-03-18 21:50:45 install libcom-err2:armhf <none> 1.44.5-1+deb10u3
2021-03-18 21:50:45 status half-installed libcom-err2:armhf 1.44.5-1+deb10u3
2021-03-18 21:50:45 status unpacked libcom-err2:armhf 1.44.5-1+deb10u3
2021-03-18 21:50:46 install libext2fs2:armhf <none> 1.44.5-1+deb10u3
2021-03-18 21:50:46 status half-installed libext2fs2:armhf 1.44.5-1+deb10u3
2021-03-18 21:50:46 status unpacked libext2fs2:armhf 1.44.5-1+deb10u3
2021-03-18 21:50:47 install libss2:armhf <none> 1.44.5-1+deb10u3
2021-03-18 21:50:47 status half-installed libss2:armhf 1.44.5-1+deb10u3
2021-03-18 21:50:47 status unpacked libss2:armhf 1.44.5-1+deb10u3
2021-03-18 21:50:48 install findutils:armhf <none> 4.6.0+git+20190209-2
2021-03-18 21:50:48 status half-installed findutils:armhf 4.6.0+git+20190209-2
2021-03-18 21:50:49 status unpacked findutils:armhf 4.6.0+git+20190209-2
2021-03-18 21:50:49 install gcc-8-base:armhf <none> 8.3.0-6
2021-03-18 21:50:49 status half-installed gcc-8-base:armhf 8.3.0-6
2021-03-18 21:50:50 status unpacked gcc-8-base:armhf 8.3.0-6
2021-03-18 21:50:51 install libgcc1:armhf <none> 1:8.3.0-6
2021-03-18 21:50:51 status half-installed libgcc1:armhf 1:8.3.0-6
2021-03-18 21:50:51 status unpacked libgcc1:armhf 1:8.3.0-6
2021-03-18 21:50:52 install libstdc++6:armhf <none> 8.3.0-6
2021-03-18 21:50:52 status half-installed libstdc++6:armhf 8.3.0-6
2021-03-18 21:50:53 status unpacked libstdc++6:armhf 8.3.0-6
2021-03-18 21:50:54 install libc-bin:armhf <none> 2.28-10
2021-03-18 21:50:54 status half-installed libc-bin:armhf 2.28-10
2021-03-18 21:50:55 status unpacked libc-bin:armhf 2.28-10
2021-03-18 21:50:56 upgrade libc6:armhf 2.28-10 2.28-10
2021-03-18 21:50:56 status half-configured libc6:armhf 2.28-10
2021-03-18 21:50:56 status unpacked libc6:armhf 2.28-10
2021-03-18 21:50:56 status half-installed libc6:armhf 2.28-10
2021-03-18 21:51:00 status unpacked libc6:armhf 2.28-10
2021-03-18 21:51:01 install libgmp10:armhf <none> 2:6.1.2+dfsg-4
2021-03-18 21:51:01 status half-installed libgmp10:armhf 2:6.1.2+dfsg-4
2021-03-18 21:51:01 status unpacked libgmp10:armhf 2:6.1.2+dfsg-4
2021-03-18 21:51:02 install gpgv:armhf <none> 2.2.12-1+deb10u1
2021-03-18 21:51:02 status half-installed gpgv:armhf 2.2.12-1+deb10u1
2021-03-18 21:51:02 status unpacked gpgv:armhf 2.2.12-1+deb10u1
2021-03-18 21:51:03 install libgnutls30:armhf <none> 3.6.7-4+deb10u6
2021-03-18 21:51:03 status half-installed libgnutls30:armhf 3.6.7-4+deb10u6
2021-03-18 21:51:05 status unpacked libgnutls30:armhf 3.6.7-4+deb10u6
2021-03-18 21:51:05 install grep:armhf <none> 3.3-1
2021-03-18 21:51:05 status half-installed grep:armhf 3.3-1
2021-03-18 21:51:06 status unpacked grep:armhf 3.3-1
2021-03-18 21:51:06 install gzip:armhf <none> 1.9-3
2021-03-18 21:51:06 status half-installed gzip:armhf 1.9-3
2021-03-18 21:51:07 status unpacked gzip:armhf 1.9-3
2021-03-18 21:51:07 install hostname:armhf <none> 3.21
2021-03-18 21:51:07 status half-installed hostname:armhf 3.21
2021-03-18 21:51:08 status unpacked hostname:armhf 3.21
2021-03-18 21:51:08 install init-system-helpers:all <none> 1.56+nmu1
2021-03-18 21:51:08 status half-installed init-system-helpers:all 1.56+nmu1
2021-03-18 21:51:09 status unpacked init-system-helpers:all 1.56+nmu1
2021-03-18 21:51:09 install libcap-ng0:armhf <none> 0.7.9-2
2021-03-18 21:51:09 status half-installed libcap-ng0:armhf 0.7.9-2
2021-03-18 21:51:10 status unpacked libcap-ng0:armhf 0.7.9-2
2021-03-18 21:51:11 install libffi6:armhf <none> 3.2.1-9
2021-03-18 21:51:11 status half-installed libffi6:armhf 3.2.1-9
2021-03-18 21:51:11 status unpacked libffi6:armhf 3.2.1-9
2021-03-18 21:51:12 install libgcrypt20:armhf <none> 1.8.4-5
2021-03-18 21:51:12 status half-installed libgcrypt20:armhf 1.8.4-5
2021-03-18 21:51:13 status unpacked libgcrypt20:armhf 1.8.4-5
2021-03-18 21:51:13 install libgpg-error0:armhf <none> 1.35-1
2021-03-18 21:51:13 status half-installed libgpg-error0:armhf 1.35-1
2021-03-18 21:51:14 status unpacked libgpg-error0:armhf 1.35-1
2021-03-18 21:51:14 install libidn2-0:armhf <none> 2.0.5-1+deb10u1
2021-03-18 21:51:14 status half-installed libidn2-0:armhf 2.0.5-1+deb10u1
2021-03-18 21:51:15 status unpacked libidn2-0:armhf 2.0.5-1+deb10u1
2021-03-18 21:51:16 install libseccomp2:armhf <none> 2.3.3-4
2021-03-18 21:51:16 status half-installed libseccomp2:armhf 2.3.3-4
2021-03-18 21:51:16 status unpacked libseccomp2:armhf 2.3.3-4
2021-03-18 21:51:17 install libselinux1:armhf <none> 2.8-1+b1
2021-03-18 21:51:17 status half-installed libselinux1:armhf 2.8-1+b1
2021-03-18 21:51:17 status unpacked libselinux1:armhf 2.8-1+b1
2021-03-18 21:51:18 install libsemanage-common:all <none> 2.8-2
2021-03-18 21:51:18 status half-installed libsemanage-common:all 2.8-2
2021-03-18 21:51:18 status unpacked libsemanage-common:all 2.8-2
2021-03-18 21:51:19 install libsemanage1:armhf <none> 2.8-2
2021-03-18 21:51:19 status half-installed libsemanage1:armhf 2.8-2
2021-03-18 21:51:19 status unpacked libsemanage1:armhf 2.8-2
2021-03-18 21:51:20 install libsepol1:armhf <none> 2.8-1
2021-03-18 21:51:20 status half-installed libsepol1:armhf 2.8-1
2021-03-18 21:51:21 status unpacked libsepol1:armhf 2.8-1
2021-03-18 21:51:21 install libtasn1-6:armhf <none> 4.13-3
2021-03-18 21:51:21 status half-installed libtasn1-6:armhf 4.13-3
2021-03-18 21:51:22 status unpacked libtasn1-6:armhf 4.13-3
2021-03-18 21:51:23 install libunistring2:armhf <none> 0.9.10-1
2021-03-18 21:51:23 status half-installed libunistring2:armhf 0.9.10-1
2021-03-18 21:51:23 status unpacked libunistring2:armhf 0.9.10-1
2021-03-18 21:51:24 install libzstd1:armhf <none> 1.3.8+dfsg-3
2021-03-18 21:51:24 status half-installed libzstd1:armhf 1.3.8+dfsg-3
2021-03-18 21:51:25 status unpacked libzstd1:armhf 1.3.8+dfsg-3
2021-03-18 21:51:25 install liblz4-1:armhf <none> 1.8.3-1
2021-03-18 21:51:25 status half-installed liblz4-1:armhf 1.8.3-1
2021-03-18 21:51:26 status unpacked liblz4-1:armhf 1.8.3-1
2021-03-18 21:51:26 upgrade mawk:armhf 1.3.3-17+b3 1.3.3-17+b3
2021-03-18 21:51:26 status half-configured mawk:armhf 1.3.3-17+b3
2021-03-18 21:51:26 status unpacked mawk:armhf 1.3.3-17+b3
2021-03-18 21:51:27 status half-installed mawk:armhf 1.3.3-17+b3
2021-03-18 21:51:27 status unpacked mawk:armhf 1.3.3-17+b3
2021-03-18 21:51:28 install libncursesw6:armhf <none> 6.1+20181013-2+deb10u2
2021-03-18 21:51:28 status half-installed libncursesw6:armhf 6.1+20181013-2+deb10u2
2021-03-18 21:51:29 status unpacked libncursesw6:armhf 6.1+20181013-2+deb10u2
2021-03-18 21:51:30 install libtinfo6:armhf <none> 6.1+20181013-2+deb10u2
2021-03-18 21:51:30 status half-installed libtinfo6:armhf 6.1+20181013-2+deb10u2
2021-03-18 21:51:30 status unpacked libtinfo6:armhf 6.1+20181013-2+deb10u2
2021-03-18 21:51:31 install ncurses-base:all <none> 6.1+20181013-2+deb10u2
2021-03-18 21:51:31 status half-installed ncurses-base:all 6.1+20181013-2+deb10u2
2021-03-18 21:51:32 status unpacked ncurses-base:all 6.1+20181013-2+deb10u2
2021-03-18 21:51:32 install ncurses-bin:armhf <none> 6.1+20181013-2+deb10u2
2021-03-18 21:51:32 status half-installed ncurses-bin:armhf 6.1+20181013-2+deb10u2
2021-03-18 21:51:33 status unpacked ncurses-bin:armhf 6.1+20181013-2+deb10u2
2021-03-18 21:51:34 install libhogweed4:armhf <none> 3.4.1-1
2021-03-18 21:51:34 status half-installed libhogweed4:armhf 3.4.1-1
2021-03-18 21:51:34 status unpacked libhogweed4:armhf 3.4.1-1
2021-03-18 21:51:35 install libnettle6:armhf <none> 3.4.1-1
2021-03-18 21:51:35 status half-installed libnettle6:armhf 3.4.1-1
2021-03-18 21:51:35 status unpacked libnettle6:armhf 3.4.1-1
2021-03-18 21:51:36 install libp11-kit0:armhf <none> 0.23.15-2+deb10u1
2021-03-18 21:51:36 status half-installed libp11-kit0:armhf 0.23.15-2+deb10u1
2021-03-18 21:51:36 status unpacked libp11-kit0:armhf 0.23.15-2+deb10u1
2021-03-18 21:51:37 install libpam-modules:armhf <none> 1.3.1-5
2021-03-18 21:51:37 status half-installed libpam-modules:armhf 1.3.1-5
2021-03-18 21:51:40 status unpacked libpam-modules:armhf 1.3.1-5
2021-03-18 21:51:40 install libpam-modules-bin:armhf <none> 1.3.1-5
2021-03-18 21:51:40 status half-installed libpam-modules-bin:armhf 1.3.1-5
2021-03-18 21:51:40 status unpacked libpam-modules-bin:armhf 1.3.1-5
2021-03-18 21:51:41 install libpam-runtime:all <none> 1.3.1-5
2021-03-18 21:51:41 status half-installed libpam-runtime:all 1.3.1-5
2021-03-18 21:51:42 status unpacked libpam-runtime:all 1.3.1-5
2021-03-18 21:51:44 install libpam0g:armhf <none> 1.3.1-5
2021-03-18 21:51:44 status half-installed libpam0g:armhf 1.3.1-5
2021-03-18 21:51:44 status unpacked libpam0g:armhf 1.3.1-5
2021-03-18 21:51:45 install libpcre3:armhf <none> 2:8.39-12
2021-03-18 21:51:45 status half-installed libpcre3:armhf 2:8.39-12
2021-03-18 21:51:46 status unpacked libpcre3:armhf 2:8.39-12
2021-03-18 21:51:46 upgrade perl-base:armhf 5.28.1-6+deb10u1 5.28.1-6+deb10u1
2021-03-18 21:51:46 status half-configured perl-base:armhf 5.28.1-6+deb10u1
2021-03-18 21:51:46 status unpacked perl-base:armhf 5.28.1-6+deb10u1
2021-03-18 21:51:46 status half-installed perl-base:armhf 5.28.1-6+deb10u1
2021-03-18 21:51:49 status unpacked perl-base:armhf 5.28.1-6+deb10u1
2021-03-18 21:51:50 install sed:armhf <none> 4.7-1
2021-03-18 21:51:50 status half-installed sed:armhf 4.7-1
2021-03-18 21:51:51 status unpacked sed:armhf 4.7-1
2021-03-18 21:51:52 install login:armhf <none> 1:4.5-1.1
2021-03-18 21:51:52 status half-installed login:armhf 1:4.5-1.1
2021-03-18 21:51:53 status unpacked login:armhf 1:4.5-1.1
2021-03-18 21:51:54 install passwd:armhf <none> 1:4.5-1.1
2021-03-18 21:51:54 status half-installed passwd:armhf 1:4.5-1.1
2021-03-18 21:51:55 status unpacked passwd:armhf 1:4.5-1.1
2021-03-18 21:51:56 install libsystemd0:armhf <none> 241-7~deb10u6
2021-03-18 21:51:56 status half-installed libsystemd0:armhf 241-7~deb10u6
2021-03-18 21:51:57 status unpacked libsystemd0:armhf 241-7~deb10u6
2021-03-18 21:51:57 install libudev1:armhf <none> 241-7~deb10u6
2021-03-18 21:51:57 status half-installed libudev1:armhf 241-7~deb10u6
2021-03-18 21:51:58 status unpacked libudev1:armhf 241-7~deb10u6
2021-03-18 21:51:58 install sysvinit-utils:armhf <none> 2.93-8
2021-03-18 21:51:58 status half-installed sysvinit-utils:armhf 2.93-8
2021-03-18 21:51:59 status unpacked sysvinit-utils:armhf 2.93-8
2021-03-18 21:51:59 install tar:armhf <none> 1.30+dfsg-6
2021-03-18 21:51:59 status half-installed tar:armhf 1.30+dfsg-6
2021-03-18 21:52:01 status unpacked tar:armhf 1.30+dfsg-6
2021-03-18 21:52:02 install tzdata:all <none> 2021a-0+deb10u1
2021-03-18 21:52:02 status half-installed tzdata:all 2021a-0+deb10u1
2021-03-18 21:52:04 status unpacked tzdata:all 2021a-0+deb10u1
2021-03-18 21:52:05 install bsdutils:armhf <none> 1:2.33.1-0.1
2021-03-18 21:52:05 status half-installed bsdutils:armhf 1:2.33.1-0.1
2021-03-18 21:52:05 status unpacked bsdutils:armhf 1:2.33.1-0.1
2021-03-18 21:52:07 install fdisk:armhf <none> 2.33.1-0.1
2021-03-18 21:52:07 status half-installed fdisk:armhf 2.33.1-0.1
2021-03-18 21:52:07 status unpacked fdisk:armhf 2.33.1-0.1
2021-03-18 21:52:08 install libblkid1:armhf <none> 2.33.1-0.1
2021-03-18 21:52:08 status half-installed libblkid1:armhf 2.33.1-0.1
2021-03-18 21:52:08 status unpacked libblkid1:armhf 2.33.1-0.1
2021-03-18 21:52:09 install libfdisk1:armhf <none> 2.33.1-0.1
2021-03-18 21:52:09 status half-installed libfdisk1:armhf 2.33.1-0.1
2021-03-18 21:52:10 status unpacked libfdisk1:armhf 2.33.1-0.1
2021-03-18 21:52:11 install libmount1:armhf <none> 2.33.1-0.1
2021-03-18 21:52:11 status half-installed libmount1:armhf 2.33.1-0.1
2021-03-18 21:52:11 status unpacked libmount1:armhf 2.33.1-0.1
2021-03-18 21:52:12 install libsmartcols1:armhf <none> 2.33.1-0.1
2021-03-18 21:52:12 status half-installed libsmartcols1:armhf 2.33.1-0.1
2021-03-18 21:52:13 status unpacked libsmartcols1:armhf 2.33.1-0.1
2021-03-18 21:52:13 install libuuid1:armhf <none> 2.33.1-0.1
2021-03-18 21:52:13 status half-installed libuuid1:armhf 2.33.1-0.1
2021-03-18 21:52:14 status unpacked libuuid1:armhf 2.33.1-0.1
2021-03-18 21:52:14 install mount:armhf <none> 2.33.1-0.1
2021-03-18 21:52:14 status half-installed mount:armhf 2.33.1-0.1
2021-03-18 21:52:15 status unpacked mount:armhf 2.33.1-0.1
2021-03-18 21:52:16 install util-linux:armhf <none> 2.33.1-0.1
2021-03-18 21:52:16 status half-installed util-linux:armhf 2.33.1-0.1
2021-03-18 21:52:17 status unpacked util-linux:armhf 2.33.1-0.1
2021-03-18 21:52:18 install liblzma5:armhf <none> 5.2.4-1
2021-03-18 21:52:18 status half-installed liblzma5:armhf 5.2.4-1
2021-03-18 21:52:18 status unpacked liblzma5:armhf 5.2.4-1
2021-03-18 21:52:19 install zlib1g:armhf <none> 1:1.2.11.dfsg-1
2021-03-18 21:52:19 status half-installed zlib1g:armhf 1:1.2.11.dfsg-1
2021-03-18 21:52:20 status unpacked zlib1g:armhf 1:1.2.11.dfsg-1
2021-03-18 21:52:20 startup packages configure
2021-03-18 21:52:20 configure debian-archive-keyring:all 2019.1 <none>
2021-03-18 21:52:20 status unpacked debian-archive-keyring:all 2019.1
2021-03-18 21:52:22 status half-configured debian-archive-keyring:all 2019.1
2021-03-18 21:52:22 status installed debian-archive-keyring:all 2019.1
2021-03-18 21:52:22 configure libaudit-common:all 1:2.8.4-3 <none>
2021-03-18 21:52:22 status unpacked libaudit-common:all 1:2.8.4-3
2021-03-18 21:52:23 status half-configured libaudit-common:all 1:2.8.4-3
2021-03-18 21:52:23 status installed libaudit-common:all 1:2.8.4-3
2021-03-18 21:52:23 configure libsemanage-common:all 2.8-2 <none>
2021-03-18 21:52:23 status unpacked libsemanage-common:all 2.8-2
2021-03-18 21:52:23 status half-configured libsemanage-common:all 2.8-2
2021-03-18 21:52:23 status installed libsemanage-common:all 2.8-2
2021-03-18 21:52:23 configure ncurses-base:all 6.1+20181013-2+deb10u2 <none>
2021-03-18 21:52:23 status unpacked ncurses-base:all 6.1+20181013-2+deb10u2
2021-03-18 21:52:24 status half-configured ncurses-base:all 6.1+20181013-2+deb10u2
2021-03-18 21:52:24 status installed ncurses-base:all 6.1+20181013-2+deb10u2
2021-03-18 21:52:24 configure gcc-8-base:armhf 8.3.0-6 <none>
2021-03-18 21:52:24 status unpacked gcc-8-base:armhf 8.3.0-6
2021-03-18 21:52:24 status half-configured gcc-8-base:armhf 8.3.0-6
2021-03-18 21:52:24 status installed gcc-8-base:armhf 8.3.0-6
2021-03-18 21:52:24 configure libc6:armhf 2.28-10 <none>
2021-03-18 21:52:24 status unpacked libc6:armhf 2.28-10
2021-03-18 21:52:25 status half-configured libc6:armhf 2.28-10
2021-03-18 21:52:28 status installed libc6:armhf 2.28-10
2021-03-18 21:52:28 configure libudev1:armhf 241-7~deb10u6 <none>
2021-03-18 21:52:28 status unpacked libudev1:armhf 241-7~deb10u6
2021-03-18 21:52:28 status half-configured libudev1:armhf 241-7~deb10u6
2021-03-18 21:52:28 status installed libudev1:armhf 241-7~deb10u6
2021-03-18 21:52:28 configure libsepol1:armhf 2.8-1 <none>
2021-03-18 21:52:28 status unpacked libsepol1:armhf 2.8-1
2021-03-18 21:52:28 status half-configured libsepol1:armhf 2.8-1
2021-03-18 21:52:28 status installed libsepol1:armhf 2.8-1
2021-03-18 21:52:28 configure libattr1:armhf 1:2.4.48-4 <none>
2021-03-18 21:52:28 status unpacked libattr1:armhf 1:2.4.48-4
2021-03-18 21:52:29 status half-configured libattr1:armhf 1:2.4.48-4
2021-03-18 21:52:29 status installed libattr1:armhf 1:2.4.48-4
2021-03-18 21:52:29 configure libtasn1-6:armhf 4.13-3 <none>
2021-03-18 21:52:29 status unpacked libtasn1-6:armhf 4.13-3
2021-03-18 21:52:29 status half-configured libtasn1-6:armhf 4.13-3
2021-03-18 21:52:29 status installed libtasn1-6:armhf 4.13-3
2021-03-18 21:52:29 configure debianutils:armhf 4.8.6.1 <none>
2021-03-18 21:52:29 status unpacked debianutils:armhf 4.8.6.1
2021-03-18 21:52:30 status half-configured debianutils:armhf 4.8.6.1
2021-03-18 21:52:30 status installed debianutils:armhf 4.8.6.1
2021-03-18 21:52:30 configure mawk:armhf 1.3.3-17+b3 <none>
2021-03-18 21:52:30 status unpacked mawk:armhf 1.3.3-17+b3
2021-03-18 21:52:30 status half-configured mawk:armhf 1.3.3-17+b3
2021-03-18 21:52:30 status installed mawk:armhf 1.3.3-17+b3
2021-03-18 21:52:30 configure libdebconfclient0:armhf 0.249 <none>
2021-03-18 21:52:30 status unpacked libdebconfclient0:armhf 0.249
2021-03-18 21:52:30 status half-configured libdebconfclient0:armhf 0.249
2021-03-18 21:52:31 status installed libdebconfclient0:armhf 0.249
2021-03-18 21:52:31 configure base-files:armhf 10.3+deb10u8 <none>
2021-03-18 21:52:31 status unpacked base-files:armhf 10.3+deb10u8
2021-03-18 21:52:32 status half-configured base-files:armhf 10.3+deb10u8
2021-03-18 21:52:32 status installed base-files:armhf 10.3+deb10u8
2021-03-18 21:52:32 configure libbz2-1.0:armhf 1.0.6-9.2~deb10u1 <none>
2021-03-18 21:52:32 status unpacked libbz2-1.0:armhf 1.0.6-9.2~deb10u1
2021-03-18 21:52:32 status half-configured libbz2-1.0:armhf 1.0.6-9.2~deb10u1
2021-03-18 21:52:32 status installed libbz2-1.0:armhf 1.0.6-9.2~deb10u1
2021-03-18 21:52:32 configure base-passwd:armhf 3.5.46 <none>
2021-03-18 21:52:32 status unpacked base-passwd:armhf 3.5.46
2021-03-18 21:52:33 status half-configured base-passwd:armhf 3.5.46
2021-03-18 21:52:34 status installed base-passwd:armhf 3.5.46
2021-03-18 21:52:35 configure libdb5.3:armhf 5.3.28+dfsg1-0.5 <none>
2021-03-18 21:52:35 status unpacked libdb5.3:armhf 5.3.28+dfsg1-0.5
2021-03-18 21:52:35 status half-configured libdb5.3:armhf 5.3.28+dfsg1-0.5
2021-03-18 21:52:35 status installed libdb5.3:armhf 5.3.28+dfsg1-0.5
2021-03-18 21:52:35 configure libtinfo6:armhf 6.1+20181013-2+deb10u2 <none>
2021-03-18 21:52:35 status unpacked libtinfo6:armhf 6.1+20181013-2+deb10u2
2021-03-18 21:52:35 status half-configured libtinfo6:armhf 6.1+20181013-2+deb10u2
2021-03-18 21:52:35 status installed libtinfo6:armhf 6.1+20181013-2+deb10u2
2021-03-18 21:52:35 configure bash:armhf 5.0-4 <none>
2021-03-18 21:52:35 status unpacked bash:armhf 5.0-4
2021-03-18 21:52:36 status half-configured bash:armhf 5.0-4
2021-03-18 21:52:37 status installed bash:armhf 5.0-4
2021-03-18 21:52:37 configure libzstd1:armhf 1.3.8+dfsg-3 <none>
2021-03-18 21:52:37 status unpacked libzstd1:armhf 1.3.8+dfsg-3
2021-03-18 21:52:37 status half-configured libzstd1:armhf 1.3.8+dfsg-3
2021-03-18 21:52:37 status installed libzstd1:armhf 1.3.8+dfsg-3
2021-03-18 21:52:37 configure liblzma5:armhf 5.2.4-1 <none>
2021-03-18 21:52:37 status unpacked liblzma5:armhf 5.2.4-1
2021-03-18 21:52:37 status half-configured liblzma5:armhf 5.2.4-1
2021-03-18 21:52:37 status installed liblzma5:armhf 5.2.4-1
2021-03-18 21:52:37 configure libgpg-error0:armhf 1.35-1 <none>
2021-03-18 21:52:37 status unpacked libgpg-error0:armhf 1.35-1
2021-03-18 21:52:38 status half-configured libgpg-error0:armhf 1.35-1
2021-03-18 21:52:38 status installed libgpg-error0:armhf 1.35-1
2021-03-18 21:52:38 configure libgcc1:armhf 1:8.3.0-6 <none>
2021-03-18 21:52:38 status unpacked libgcc1:armhf 1:8.3.0-6
2021-03-18 21:52:38 status half-configured libgcc1:armhf 1:8.3.0-6
2021-03-18 21:52:38 status installed libgcc1:armhf 1:8.3.0-6
2021-03-18 21:52:38 configure liblz4-1:armhf 1.8.3-1 <none>
2021-03-18 21:52:38 status unpacked liblz4-1:armhf 1.8.3-1
2021-03-18 21:52:38 status half-configured liblz4-1:armhf 1.8.3-1
2021-03-18 21:52:39 status installed liblz4-1:armhf 1.8.3-1
2021-03-18 21:52:39 configure libc-bin:armhf 2.28-10 <none>
2021-03-18 21:52:39 status unpacked libc-bin:armhf 2.28-10
2021-03-18 21:52:40 status half-configured libc-bin:armhf 2.28-10
2021-03-18 21:52:41 status installed libc-bin:armhf 2.28-10
2021-03-18 21:52:41 configure ncurses-bin:armhf 6.1+20181013-2+deb10u2 <none>
2021-03-18 21:52:41 status unpacked ncurses-bin:armhf 6.1+20181013-2+deb10u2
2021-03-18 21:52:41 status half-configured ncurses-bin:armhf 6.1+20181013-2+deb10u2
2021-03-18 21:52:41 status installed ncurses-bin:armhf 6.1+20181013-2+deb10u2
2021-03-18 21:52:41 configure libacl1:armhf 2.2.53-4 <none>
2021-03-18 21:52:41 status triggers-pending libc-bin:armhf 2.28-10
2021-03-18 21:52:41 status unpacked libacl1:armhf 2.2.53-4
2021-03-18 21:52:41 status half-configured libacl1:armhf 2.2.53-4
2021-03-18 21:52:41 status installed libacl1:armhf 2.2.53-4
2021-03-18 21:52:42 configure libunistring2:armhf 0.9.10-1 <none>
2021-03-18 21:52:42 status unpacked libunistring2:armhf 0.9.10-1
2021-03-18 21:52:42 status half-configured libunistring2:armhf 0.9.10-1
2021-03-18 21:52:42 status installed libunistring2:armhf 0.9.10-1
2021-03-18 21:52:42 configure libsmartcols1:armhf 2.33.1-0.1 <none>
2021-03-18 21:52:42 status unpacked libsmartcols1:armhf 2.33.1-0.1
2021-03-18 21:52:42 status half-configured libsmartcols1:armhf 2.33.1-0.1
2021-03-18 21:52:42 status installed libsmartcols1:armhf 2.33.1-0.1
2021-03-18 21:52:42 configure libgcrypt20:armhf 1.8.4-5 <none>
2021-03-18 21:52:42 status unpacked libgcrypt20:armhf 1.8.4-5
2021-03-18 21:52:42 status half-configured libgcrypt20:armhf 1.8.4-5
2021-03-18 21:52:42 status installed libgcrypt20:armhf 1.8.4-5
2021-03-18 21:52:43 configure zlib1g:armhf 1:1.2.11.dfsg-1 <none>
2021-03-18 21:52:43 status unpacked zlib1g:armhf 1:1.2.11.dfsg-1
2021-03-18 21:52:43 status half-configured zlib1g:armhf 1:1.2.11.dfsg-1
2021-03-18 21:52:43 status installed zlib1g:armhf 1:1.2.11.dfsg-1
2021-03-18 21:52:43 configure libffi6:armhf 3.2.1-9 <none>
2021-03-18 21:52:43 status unpacked libffi6:armhf 3.2.1-9
2021-03-18 21:52:43 status half-configured libffi6:armhf 3.2.1-9
2021-03-18 21:52:43 status installed libffi6:armhf 3.2.1-9
2021-03-18 21:52:43 configure libidn2-0:armhf 2.0.5-1+deb10u1 <none>
2021-03-18 21:52:43 status unpacked libidn2-0:armhf 2.0.5-1+deb10u1
2021-03-18 21:52:43 status half-configured libidn2-0:armhf 2.0.5-1+deb10u1
2021-03-18 21:52:43 status installed libidn2-0:armhf 2.0.5-1+deb10u1
2021-03-18 21:52:44 configure libcom-err2:armhf 1.44.5-1+deb10u3 <none>
2021-03-18 21:52:44 status unpacked libcom-err2:armhf 1.44.5-1+deb10u3
2021-03-18 21:52:44 status half-configured libcom-err2:armhf 1.44.5-1+deb10u3
2021-03-18 21:52:44 status installed libcom-err2:armhf 1.44.5-1+deb10u3
2021-03-18 21:52:44 configure diffutils:armhf 1:3.7-3 <none>
2021-03-18 21:52:44 status unpacked diffutils:armhf 1:3.7-3
2021-03-18 21:52:44 status half-configured diffutils:armhf 1:3.7-3
2021-03-18 21:52:44 status installed diffutils:armhf 1:3.7-3
2021-03-18 21:52:44 configure libseccomp2:armhf 2.3.3-4 <none>
2021-03-18 21:52:44 status unpacked libseccomp2:armhf 2.3.3-4
2021-03-18 21:52:44 status half-configured libseccomp2:armhf 2.3.3-4
2021-03-18 21:52:45 status installed libseccomp2:armhf 2.3.3-4
2021-03-18 21:52:45 configure libsystemd0:armhf 241-7~deb10u6 <none>
2021-03-18 21:52:45 status unpacked libsystemd0:armhf 241-7~deb10u6
2021-03-18 21:52:45 status half-configured libsystemd0:armhf 241-7~deb10u6
2021-03-18 21:52:45 status installed libsystemd0:armhf 241-7~deb10u6
2021-03-18 21:52:45 configure hostname:armhf 3.21 <none>
2021-03-18 21:52:45 status unpacked hostname:armhf 3.21
2021-03-18 21:52:45 status half-configured hostname:armhf 3.21
2021-03-18 21:52:45 status installed hostname:armhf 3.21
2021-03-18 21:52:45 configure libpcre3:armhf 2:8.39-12 <none>
2021-03-18 21:52:45 status unpacked libpcre3:armhf 2:8.39-12
2021-03-18 21:52:46 status half-configured libpcre3:armhf 2:8.39-12
2021-03-18 21:52:46 status installed libpcre3:armhf 2:8.39-12
2021-03-18 21:52:46 configure libcap-ng0:armhf 0.7.9-2 <none>
2021-03-18 21:52:46 status unpacked libcap-ng0:armhf 0.7.9-2
2021-03-18 21:52:46 status half-configured libcap-ng0:armhf 0.7.9-2
2021-03-18 21:52:46 status installed libcap-ng0:armhf 0.7.9-2
2021-03-18 21:52:46 configure libext2fs2:armhf 1.44.5-1+deb10u3 <none>
2021-03-18 21:52:46 status unpacked libext2fs2:armhf 1.44.5-1+deb10u3
2021-03-18 21:52:46 status half-configured libext2fs2:armhf 1.44.5-1+deb10u3
2021-03-18 21:52:46 status installed libext2fs2:armhf 1.44.5-1+deb10u3
2021-03-18 21:52:46 configure libgmp10:armhf 2:6.1.2+dfsg-4 <none>
2021-03-18 21:52:46 status unpacked libgmp10:armhf 2:6.1.2+dfsg-4
2021-03-18 21:52:47 status half-configured libgmp10:armhf 2:6.1.2+dfsg-4
2021-03-18 21:52:47 status installed libgmp10:armhf 2:6.1.2+dfsg-4
2021-03-18 21:52:47 configure libp11-kit0:armhf 0.23.15-2+deb10u1 <none>
2021-03-18 21:52:47 status unpacked libp11-kit0:armhf 0.23.15-2+deb10u1
2021-03-18 21:52:47 status half-configured libp11-kit0:armhf 0.23.15-2+deb10u1
2021-03-18 21:52:47 status installed libp11-kit0:armhf 0.23.15-2+deb10u1
2021-03-18 21:52:47 configure libaudit1:armhf 1:2.8.4-3 <none>
2021-03-18 21:52:47 status unpacked libaudit1:armhf 1:2.8.4-3
2021-03-18 21:52:47 status half-configured libaudit1:armhf 1:2.8.4-3
2021-03-18 21:52:48 status installed libaudit1:armhf 1:2.8.4-3
2021-03-18 21:52:48 configure libuuid1:armhf 2.33.1-0.1 <none>
2021-03-18 21:52:48 status unpacked libuuid1:armhf 2.33.1-0.1
2021-03-18 21:52:48 status half-configured libuuid1:armhf 2.33.1-0.1
2021-03-18 21:52:48 status installed libuuid1:armhf 2.33.1-0.1
2021-03-18 21:52:48 configure libss2:armhf 1.44.5-1+deb10u3 <none>
2021-03-18 21:52:48 status unpacked libss2:armhf 1.44.5-1+deb10u3
2021-03-18 21:52:48 status half-configured libss2:armhf 1.44.5-1+deb10u3
2021-03-18 21:52:48 status installed libss2:armhf 1.44.5-1+deb10u3
2021-03-18 21:52:49 configure libncursesw6:armhf 6.1+20181013-2+deb10u2 <none>
2021-03-18 21:52:49 status unpacked libncursesw6:armhf 6.1+20181013-2+deb10u2
2021-03-18 21:52:49 status half-configured libncursesw6:armhf 6.1+20181013-2+deb10u2
2021-03-18 21:52:49 status installed libncursesw6:armhf 6.1+20181013-2+deb10u2
2021-03-18 21:52:49 configure libnettle6:armhf 3.4.1-1 <none>
2021-03-18 21:52:49 status unpacked libnettle6:armhf 3.4.1-1
2021-03-18 21:52:49 status half-configured libnettle6:armhf 3.4.1-1
2021-03-18 21:52:49 status installed libnettle6:armhf 3.4.1-1
2021-03-18 21:52:49 configure gpgv:armhf 2.2.12-1+deb10u1 <none>
2021-03-18 21:52:49 status unpacked gpgv:armhf 2.2.12-1+deb10u1
2021-03-18 21:52:49 status half-configured gpgv:armhf 2.2.12-1+deb10u1
2021-03-18 21:52:49 status installed gpgv:armhf 2.2.12-1+deb10u1
2021-03-18 21:52:50 configure libblkid1:armhf 2.33.1-0.1 <none>
2021-03-18 21:52:50 status unpacked libblkid1:armhf 2.33.1-0.1
2021-03-18 21:52:50 status half-configured libblkid1:armhf 2.33.1-0.1
2021-03-18 21:52:50 status installed libblkid1:armhf 2.33.1-0.1
2021-03-18 21:52:50 configure libstdc++6:armhf 8.3.0-6 <none>
2021-03-18 21:52:50 status unpacked libstdc++6:armhf 8.3.0-6
2021-03-18 21:52:50 status half-configured libstdc++6:armhf 8.3.0-6
2021-03-18 21:52:50 status installed libstdc++6:armhf 8.3.0-6
2021-03-18 21:52:50 configure bsdutils:armhf 1:2.33.1-0.1 <none>
2021-03-18 21:52:50 status unpacked bsdutils:armhf 1:2.33.1-0.1
2021-03-18 21:52:50 status half-configured bsdutils:armhf 1:2.33.1-0.1
2021-03-18 21:52:51 status installed bsdutils:armhf 1:2.33.1-0.1
2021-03-18 21:52:51 configure libhogweed4:armhf 3.4.1-1 <none>
2021-03-18 21:52:51 status unpacked libhogweed4:armhf 3.4.1-1
2021-03-18 21:52:51 status half-configured libhogweed4:armhf 3.4.1-1
2021-03-18 21:52:51 status installed libhogweed4:armhf 3.4.1-1
2021-03-18 21:52:51 configure e2fsprogs:armhf 1.44.5-1+deb10u3 <none>
2021-03-18 21:52:51 status unpacked e2fsprogs:armhf 1.44.5-1+deb10u3
2021-03-18 21:52:51 status half-configured e2fsprogs:armhf 1.44.5-1+deb10u3
2021-03-18 21:52:51 status installed e2fsprogs:armhf 1.44.5-1+deb10u3
2021-03-18 21:52:52 configure libselinux1:armhf 2.8-1+b1 <none>
2021-03-18 21:52:52 status unpacked libselinux1:armhf 2.8-1+b1
2021-03-18 21:52:52 status half-configured libselinux1:armhf 2.8-1+b1
2021-03-18 21:52:52 status installed libselinux1:armhf 2.8-1+b1
2021-03-18 21:52:52 configure libgnutls30:armhf 3.6.7-4+deb10u6 <none>
2021-03-18 21:52:52 status unpacked libgnutls30:armhf 3.6.7-4+deb10u6
2021-03-18 21:52:52 status half-configured libgnutls30:armhf 3.6.7-4+deb10u6
2021-03-18 21:52:52 status installed libgnutls30:armhf 3.6.7-4+deb10u6
2021-03-18 21:52:52 configure sed:armhf 4.7-1 <none>
2021-03-18 21:52:52 status unpacked sed:armhf 4.7-1
2021-03-18 21:52:52 status half-configured sed:armhf 4.7-1
2021-03-18 21:52:52 status installed sed:armhf 4.7-1
2021-03-18 21:52:53 configure libfdisk1:armhf 2.33.1-0.1 <none>
2021-03-18 21:52:53 status unpacked libfdisk1:armhf 2.33.1-0.1
2021-03-18 21:52:53 status half-configured libfdisk1:armhf 2.33.1-0.1
2021-03-18 21:52:53 status installed libfdisk1:armhf 2.33.1-0.1
2021-03-18 21:52:53 configure findutils:armhf 4.6.0+git+20190209-2 <none>
2021-03-18 21:52:53 status unpacked findutils:armhf 4.6.0+git+20190209-2
2021-03-18 21:52:53 status half-configured findutils:armhf 4.6.0+git+20190209-2
2021-03-18 21:52:53 status installed findutils:armhf 4.6.0+git+20190209-2
2021-03-18 21:52:53 configure libmount1:armhf 2.33.1-0.1 <none>
2021-03-18 21:52:53 status unpacked libmount1:armhf 2.33.1-0.1
2021-03-18 21:52:53 status half-configured libmount1:armhf 2.33.1-0.1
2021-03-18 21:52:54 status installed libmount1:armhf 2.33.1-0.1
2021-03-18 21:52:54 configure libapt-pkg5.0:armhf 1.8.2.2 <none>
2021-03-18 21:52:54 status unpacked libapt-pkg5.0:armhf 1.8.2.2
2021-03-18 21:52:54 status half-configured libapt-pkg5.0:armhf 1.8.2.2
2021-03-18 21:52:54 status installed libapt-pkg5.0:armhf 1.8.2.2
2021-03-18 21:52:54 configure libsemanage1:armhf 2.8-2 <none>
2021-03-18 21:52:54 status unpacked libsemanage1:armhf 2.8-2
2021-03-18 21:52:54 status half-configured libsemanage1:armhf 2.8-2
2021-03-18 21:52:54 status installed libsemanage1:armhf 2.8-2
2021-03-18 21:52:54 configure tar:armhf 1.30+dfsg-6 <none>
2021-03-18 21:52:54 status unpacked tar:armhf 1.30+dfsg-6
2021-03-18 21:52:54 status half-configured tar:armhf 1.30+dfsg-6
2021-03-18 21:52:55 status installed tar:armhf 1.30+dfsg-6
2021-03-18 21:52:55 configure coreutils:armhf 8.30-3 <none>
2021-03-18 21:52:55 status unpacked coreutils:armhf 8.30-3
2021-03-18 21:52:55 status half-configured coreutils:armhf 8.30-3
2021-03-18 21:52:55 status installed coreutils:armhf 8.30-3
2021-03-18 21:52:55 configure fdisk:armhf 2.33.1-0.1 <none>
2021-03-18 21:52:55 status unpacked fdisk:armhf 2.33.1-0.1
2021-03-18 21:52:55 status half-configured fdisk:armhf 2.33.1-0.1
2021-03-18 21:52:55 status installed fdisk:armhf 2.33.1-0.1
2021-03-18 21:52:56 configure dpkg:armhf 1.19.7 <none>
2021-03-18 21:52:56 status unpacked dpkg:armhf 1.19.7
2021-03-18 21:52:56 status half-configured dpkg:armhf 1.19.7
2021-03-18 21:52:56 status installed dpkg:armhf 1.19.7
2021-03-18 21:52:56 configure grep:armhf 3.3-1 <none>
2021-03-18 21:52:56 status unpacked grep:armhf 3.3-1
2021-03-18 21:52:57 status half-configured grep:armhf 3.3-1
2021-03-18 21:52:57 status installed grep:armhf 3.3-1
2021-03-18 21:52:57 configure perl-base:armhf 5.28.1-6+deb10u1 <none>
2021-03-18 21:52:57 status unpacked perl-base:armhf 5.28.1-6+deb10u1
2021-03-18 21:52:57 status half-configured perl-base:armhf 5.28.1-6+deb10u1
2021-03-18 21:52:57 status installed perl-base:armhf 5.28.1-6+deb10u1
2021-03-18 21:52:57 configure init-system-helpers:all 1.56+nmu1 <none>
2021-03-18 21:52:57 status unpacked init-system-helpers:all 1.56+nmu1
2021-03-18 21:52:57 status half-configured init-system-helpers:all 1.56+nmu1
2021-03-18 21:52:57 status installed init-system-helpers:all 1.56+nmu1
2021-03-18 21:52:58 configure gzip:armhf 1.9-3 <none>
2021-03-18 21:52:58 status unpacked gzip:armhf 1.9-3
2021-03-18 21:52:58 status half-configured gzip:armhf 1.9-3
2021-03-18 21:52:58 status installed gzip:armhf 1.9-3
2021-03-18 21:52:58 configure debconf:all 1.5.71 <none>
2021-03-18 21:52:58 status unpacked debconf:all 1.5.71
2021-03-18 21:52:59 status half-configured debconf:all 1.5.71
2021-03-18 21:53:00 status installed debconf:all 1.5.71
2021-03-18 21:53:01 configure tzdata:all 2021a-0+deb10u1 <none>
2021-03-18 21:53:01 status unpacked tzdata:all 2021a-0+deb10u1
2021-03-18 21:53:01 status half-configured tzdata:all 2021a-0+deb10u1
2021-03-18 21:53:03 status installed tzdata:all 2021a-0+deb10u1
2021-03-18 21:53:03 configure libpam0g:armhf 1.3.1-5 <none>
2021-03-18 21:53:03 status unpacked libpam0g:armhf 1.3.1-5
2021-03-18 21:53:03 status half-configured libpam0g:armhf 1.3.1-5
2021-03-18 21:53:04 status installed libpam0g:armhf 1.3.1-5
2021-03-18 21:53:04 configure dash:armhf 0.5.10.2-5 <none>
2021-03-18 21:53:04 status unpacked dash:armhf 0.5.10.2-5
2021-03-18 21:53:04 status half-configured dash:armhf 0.5.10.2-5
2021-03-18 21:53:06 status installed dash:armhf 0.5.10.2-5
2021-03-18 21:53:06 configure libpam-modules-bin:armhf 1.3.1-5 <none>
2021-03-18 21:53:06 status unpacked libpam-modules-bin:armhf 1.3.1-5
2021-03-18 21:53:06 status half-configured libpam-modules-bin:armhf 1.3.1-5
2021-03-18 21:53:06 status installed libpam-modules-bin:armhf 1.3.1-5
2021-03-18 21:53:06 configure libpam-modules:armhf 1.3.1-5 <none>
2021-03-18 21:53:06 status unpacked libpam-modules:armhf 1.3.1-5
2021-03-18 21:53:07 status half-configured libpam-modules:armhf 1.3.1-5
2021-03-18 21:53:08 status installed libpam-modules:armhf 1.3.1-5
2021-03-18 21:53:08 configure passwd:armhf 1:4.5-1.1 <none>
2021-03-18 21:53:08 status unpacked passwd:armhf 1:4.5-1.1
2021-03-18 21:53:09 status half-configured passwd:armhf 1:4.5-1.1
2021-03-18 21:53:09 status installed passwd:armhf 1:4.5-1.1
2021-03-18 21:53:10 configure libpam-runtime:all 1.3.1-5 <none>
2021-03-18 21:53:10 status unpacked libpam-runtime:all 1.3.1-5
2021-03-18 21:53:10 status half-configured libpam-runtime:all 1.3.1-5
2021-03-18 21:53:12 status installed libpam-runtime:all 1.3.1-5
2021-03-18 21:53:12 configure login:armhf 1:4.5-1.1 <none>
2021-03-18 21:53:12 status unpacked login:armhf 1:4.5-1.1
2021-03-18 21:53:12 status half-configured login:armhf 1:4.5-1.1
2021-03-18 21:53:12 status installed login:armhf 1:4.5-1.1
2021-03-18 21:53:12 configure adduser:all 3.118 <none>
2021-03-18 21:53:12 status unpacked adduser:all 3.118
2021-03-18 21:53:13 status half-configured adduser:all 3.118
2021-03-18 21:53:14 status installed adduser:all 3.118
2021-03-18 21:53:14 configure apt:armhf 1.8.2.2 <none>
2021-03-18 21:53:14 status unpacked apt:armhf 1.8.2.2
2021-03-18 21:53:15 status half-configured apt:armhf 1.8.2.2
2021-03-18 21:53:19 status installed apt:armhf 1.8.2.2
2021-03-18 21:53:19 configure util-linux:armhf 2.33.1-0.1 <none>
2021-03-18 21:53:19 status unpacked util-linux:armhf 2.33.1-0.1
2021-03-18 21:53:20 status half-configured util-linux:armhf 2.33.1-0.1
2021-03-18 21:53:21 status installed util-linux:armhf 2.33.1-0.1
2021-03-18 21:53:22 configure mount:armhf 2.33.1-0.1 <none>
2021-03-18 21:53:22 status unpacked mount:armhf 2.33.1-0.1
2021-03-18 21:53:22 status half-configured mount:armhf 2.33.1-0.1
2021-03-18 21:53:22 status installed mount:armhf 2.33.1-0.1
2021-03-18 21:53:22 configure sysvinit-utils:armhf 2.93-8 <none>
2021-03-18 21:53:22 status unpacked sysvinit-utils:armhf 2.93-8
2021-03-18 21:53:22 status half-configured sysvinit-utils:armhf 2.93-8
2021-03-18 21:53:22 status installed sysvinit-utils:armhf 2.93-8
2021-03-18 21:53:22 trigproc libc-bin:armhf 2.28-10 <none>
2021-03-18 21:53:22 status half-configured libc-bin:armhf 2.28-10
2021-03-18 21:53:23 status installed libc-bin:armhf 2.28-10
2021-03-18 21:54:57 startup archives install
2021-03-18 21:54:58 install libapparmor1:armhf <none> 2.13.2-10
2021-03-18 21:54:58 status triggers-pending libc-bin:armhf 2.28-10
2021-03-18 21:54:59 status half-installed libapparmor1:armhf 2.13.2-10
2021-03-18 21:54:59 status unpacked libapparmor1:armhf 2.13.2-10
2021-03-18 21:55:00 install libargon2-1:armhf <none> 0~20171227-0.2
2021-03-18 21:55:00 status half-installed libargon2-1:armhf 0~20171227-0.2
2021-03-18 21:55:00 status unpacked libargon2-1:armhf 0~20171227-0.2
2021-03-18 21:55:01 install libcryptsetup12:armhf <none> 2:2.1.0-5+deb10u2
2021-03-18 21:55:01 status half-installed libcryptsetup12:armhf 2:2.1.0-5+deb10u2
2021-03-18 21:55:03 status unpacked libcryptsetup12:armhf 2:2.1.0-5+deb10u2
2021-03-18 21:55:03 install libip4tc0:armhf <none> 1.8.2-4
2021-03-18 21:55:03 status half-installed libip4tc0:armhf 1.8.2-4
2021-03-18 21:55:04 status unpacked libip4tc0:armhf 1.8.2-4
2021-03-18 21:55:05 install libjson-c3:armhf <none> 0.12.1+ds-2+deb10u1
2021-03-18 21:55:05 status half-installed libjson-c3:armhf 0.12.1+ds-2+deb10u1
2021-03-18 21:55:05 status unpacked libjson-c3:armhf 0.12.1+ds-2+deb10u1
2021-03-18 21:55:06 install libkmod2:armhf <none> 26-1
2021-03-18 21:55:06 status half-installed libkmod2:armhf 26-1
2021-03-18 21:55:07 status unpacked libkmod2:armhf 26-1
2021-03-18 21:55:08 install libcap2:armhf <none> 1:2.25-2
2021-03-18 21:55:08 status half-installed libcap2:armhf 1:2.25-2
2021-03-18 21:55:08 status unpacked libcap2:armhf 1:2.25-2
2021-03-18 21:55:09 install libidn11:armhf <none> 1.33-2.2
2021-03-18 21:55:09 status half-installed libidn11:armhf 1.33-2.2
2021-03-18 21:55:10 status unpacked libidn11:armhf 1.33-2.2
2021-03-18 21:55:11 install dmsetup:armhf <none> 2:1.02.155-3
2021-03-18 21:55:11 status half-installed dmsetup:armhf 2:1.02.155-3
2021-03-18 21:55:13 status unpacked dmsetup:armhf 2:1.02.155-3
2021-03-18 21:55:14 install libdevmapper1.02.1:armhf <none> 2:1.02.155-3
2021-03-18 21:55:14 status half-installed libdevmapper1.02.1:armhf 2:1.02.155-3
2021-03-18 21:55:15 status unpacked libdevmapper1.02.1:armhf 2:1.02.155-3
2021-03-18 21:55:16 install libssl1.1:armhf <none> 1.1.1d-0+deb10u4
2021-03-18 21:55:16 status half-installed libssl1.1:armhf 1.1.1d-0+deb10u4
2021-03-18 21:55:17 status unpacked libssl1.1:armhf 1.1.1d-0+deb10u4
2021-03-18 21:55:18 install systemd:armhf <none> 241-7~deb10u6
2021-03-18 21:55:18 status half-installed systemd:armhf 241-7~deb10u6
2021-03-18 21:55:24 status unpacked systemd:armhf 241-7~deb10u6
2021-03-18 21:55:24 configure libapparmor1:armhf 2.13.2-10 2.13.2-10
2021-03-18 21:55:24 status half-configured libapparmor1:armhf 2.13.2-10
2021-03-18 21:55:24 status installed libapparmor1:armhf 2.13.2-10
2021-03-18 21:55:24 configure libargon2-1:armhf 0~20171227-0.2 0~20171227-0.2
2021-03-18 21:55:25 status half-configured libargon2-1:armhf 0~20171227-0.2
2021-03-18 21:55:25 status installed libargon2-1:armhf 0~20171227-0.2
2021-03-18 21:55:25 configure libip4tc0:armhf 1.8.2-4 1.8.2-4
2021-03-18 21:55:25 status half-configured libip4tc0:armhf 1.8.2-4
2021-03-18 21:55:25 status installed libip4tc0:armhf 1.8.2-4
2021-03-18 21:55:25 configure libjson-c3:armhf 0.12.1+ds-2+deb10u1 0.12.1+ds-2+deb10u1
2021-03-18 21:55:25 status half-configured libjson-c3:armhf 0.12.1+ds-2+deb10u1
2021-03-18 21:55:25 status installed libjson-c3:armhf 0.12.1+ds-2+deb10u1
2021-03-18 21:55:26 configure libcap2:armhf 1:2.25-2 1:2.25-2
2021-03-18 21:55:26 status half-configured libcap2:armhf 1:2.25-2
2021-03-18 21:55:26 status installed libcap2:armhf 1:2.25-2
2021-03-18 21:55:26 configure libidn11:armhf 1.33-2.2 1.33-2.2
2021-03-18 21:55:26 status half-configured libidn11:armhf 1.33-2.2
2021-03-18 21:55:26 status installed libidn11:armhf 1.33-2.2
2021-03-18 21:55:26 configure libssl1.1:armhf 1.1.1d-0+deb10u4 1.1.1d-0+deb10u4
2021-03-18 21:55:26 status half-configured libssl1.1:armhf 1.1.1d-0+deb10u4
2021-03-18 21:55:29 status installed libssl1.1:armhf 1.1.1d-0+deb10u4
2021-03-18 21:55:29 configure libkmod2:armhf 26-1 26-1
2021-03-18 21:55:29 status half-configured libkmod2:armhf 26-1
2021-03-18 21:55:29 status installed libkmod2:armhf 26-1
2021-03-18 21:55:29 configure libdevmapper1.02.1:armhf 2:1.02.155-3 2:1.02.155-3
2021-03-18 21:55:29 status half-configured libdevmapper1.02.1:armhf 2:1.02.155-3
2021-03-18 21:55:30 status installed libdevmapper1.02.1:armhf 2:1.02.155-3
2021-03-18 21:55:30 configure libcryptsetup12:armhf 2:2.1.0-5+deb10u2 2:2.1.0-5+deb10u2
2021-03-18 21:55:30 status half-configured libcryptsetup12:armhf 2:2.1.0-5+deb10u2
2021-03-18 21:55:30 status installed libcryptsetup12:armhf 2:2.1.0-5+deb10u2
2021-03-18 21:55:30 configure dmsetup:armhf 2:1.02.155-3 2:1.02.155-3
2021-03-18 21:55:30 status half-configured dmsetup:armhf 2:1.02.155-3
2021-03-18 21:55:30 status installed dmsetup:armhf 2:1.02.155-3
2021-03-18 21:55:31 configure systemd:armhf 241-7~deb10u6 241-7~deb10u6
2021-03-18 21:55:32 status half-configured systemd:armhf 241-7~deb10u6
2021-03-18 21:55:41 status installed systemd:armhf 241-7~deb10u6
2021-03-18 21:55:41 trigproc libc-bin:armhf 2.28-10 <none>
2021-03-18 21:55:41 status half-configured libc-bin:armhf 2.28-10
2021-03-18 21:55:41 status installed libc-bin:armhf 2.28-10
2021-03-18 21:57:22 startup archives install
2021-03-18 21:57:24 install systemd-sysv:armhf <none> 241-7~deb10u6
2021-03-18 21:57:24 status half-installed systemd-sysv:armhf 241-7~deb10u6
2021-03-18 21:57:24 status unpacked systemd-sysv:armhf 241-7~deb10u6
2021-03-18 21:57:25 configure systemd-sysv:armhf 241-7~deb10u6 241-7~deb10u6
2021-03-18 21:57:25 status half-configured systemd-sysv:armhf 241-7~deb10u6
2021-03-18 21:57:25 status installed systemd-sysv:armhf 241-7~deb10u6
2021-03-18 21:57:26 startup archives unpack
2021-03-18 21:57:26 install apt-utils:armhf <none> 1.8.2.2
2021-03-18 21:57:26 status half-installed apt-utils:armhf 1.8.2.2
2021-03-18 21:57:27 status unpacked apt-utils:armhf 1.8.2.2
2021-03-18 21:57:28 install libapt-inst2.0:armhf <none> 1.8.2.2
2021-03-18 21:57:28 status triggers-pending libc-bin:armhf 2.28-10
2021-03-18 21:57:28 status half-installed libapt-inst2.0:armhf 1.8.2.2
2021-03-18 21:57:29 status unpacked libapt-inst2.0:armhf 1.8.2.2
2021-03-18 21:57:30 install libdns-export1104:armhf <none> 1:9.11.5.P4+dfsg-5.1+deb10u2
2021-03-18 21:57:30 status half-installed libdns-export1104:armhf 1:9.11.5.P4+dfsg-5.1+deb10u2
2021-03-18 21:57:31 status unpacked libdns-export1104:armhf 1:9.11.5.P4+dfsg-5.1+deb10u2
2021-03-18 21:57:32 install libisc-export1100:armhf <none> 1:9.11.5.P4+dfsg-5.1+deb10u2
2021-03-18 21:57:32 status half-installed libisc-export1100:armhf 1:9.11.5.P4+dfsg-5.1+deb10u2
2021-03-18 21:57:32 status unpacked libisc-export1100:armhf 1:9.11.5.P4+dfsg-5.1+deb10u2
2021-03-18 21:57:33 install bsdmainutils:armhf <none> 11.1.2+b1
2021-03-18 21:57:33 status half-installed bsdmainutils:armhf 11.1.2+b1
2021-03-18 21:57:34 status unpacked bsdmainutils:armhf 11.1.2+b1
2021-03-18 21:57:34 install cpio:armhf <none> 2.12+dfsg-9
2021-03-18 21:57:34 status half-installed cpio:armhf 2.12+dfsg-9
2021-03-18 21:57:35 status unpacked cpio:armhf 2.12+dfsg-9
2021-03-18 21:57:36 install cron:armhf <none> 3.0pl1-134+deb10u1
2021-03-18 21:57:36 status half-installed cron:armhf 3.0pl1-134+deb10u1
2021-03-18 21:57:36 status triggers-pending systemd:armhf 241-7~deb10u6
2021-03-18 21:57:37 status unpacked cron:armhf 3.0pl1-134+deb10u1
2021-03-18 21:57:37 install debconf-i18n:all <none> 1.5.71
2021-03-18 21:57:37 status half-installed debconf-i18n:all 1.5.71
2021-03-18 21:57:38 status unpacked debconf-i18n:all 1.5.71
2021-03-18 21:57:39 install dmidecode:armhf <none> 3.2-1
2021-03-18 21:57:39 status half-installed dmidecode:armhf 3.2-1
2021-03-18 21:57:39 status unpacked dmidecode:armhf 3.2-1
2021-03-18 21:57:40 install libelf1:armhf <none> 0.176-1.1
2021-03-18 21:57:40 status half-installed libelf1:armhf 0.176-1.1
2021-03-18 21:57:41 status unpacked libelf1:armhf 0.176-1.1
2021-03-18 21:57:41 install gdbm-l10n:all <none> 1.18.1-4
2021-03-18 21:57:41 status half-installed gdbm-l10n:all 1.18.1-4
2021-03-18 21:57:42 status unpacked gdbm-l10n:all 1.18.1-4
2021-03-18 21:57:43 install ifupdown:armhf <none> 0.8.35
2021-03-18 21:57:43 status half-installed ifupdown:armhf 0.8.35
2021-03-18 21:57:44 status unpacked ifupdown:armhf 0.8.35
2021-03-18 21:57:45 install init:armhf <none> 1.56+nmu1
2021-03-18 21:57:45 status half-installed init:armhf 1.56+nmu1
2021-03-18 21:57:45 status unpacked init:armhf 1.56+nmu1
2021-03-18 21:57:46 install iproute2:armhf <none> 4.20.0-2+deb10u1
2021-03-18 21:57:46 status half-installed iproute2:armhf 4.20.0-2+deb10u1
2021-03-18 21:57:47 status unpacked iproute2:armhf 4.20.0-2+deb10u1
2021-03-18 21:57:48 install iptables:armhf <none> 1.8.2-4
2021-03-18 21:57:48 status half-installed iptables:armhf 1.8.2-4
2021-03-18 21:57:49 status unpacked iptables:armhf 1.8.2-4
2021-03-18 21:57:50 install libip6tc0:armhf <none> 1.8.2-4
2021-03-18 21:57:50 status half-installed libip6tc0:armhf 1.8.2-4
2021-03-18 21:57:50 status unpacked libip6tc0:armhf 1.8.2-4
2021-03-18 21:57:51 install libiptc0:armhf <none> 1.8.2-4
2021-03-18 21:57:51 status half-installed libiptc0:armhf 1.8.2-4
2021-03-18 21:57:51 status unpacked libiptc0:armhf 1.8.2-4
2021-03-18 21:57:52 install libxtables12:armhf <none> 1.8.2-4
2021-03-18 21:57:52 status half-installed libxtables12:armhf 1.8.2-4
2021-03-18 21:57:53 status unpacked libxtables12:armhf 1.8.2-4
2021-03-18 21:57:53 install iputils-ping:armhf <none> 3:20180629-2+deb10u1
2021-03-18 21:57:53 status half-installed iputils-ping:armhf 3:20180629-2+deb10u1
2021-03-18 21:57:54 status unpacked iputils-ping:armhf 3:20180629-2+deb10u1
2021-03-18 21:57:54 install isc-dhcp-client:armhf <none> 4.4.1-2
2021-03-18 21:57:54 status half-installed isc-dhcp-client:armhf 4.4.1-2
2021-03-18 21:57:55 status unpacked isc-dhcp-client:armhf 4.4.1-2
2021-03-18 21:57:55 install isc-dhcp-common:armhf <none> 4.4.1-2
2021-03-18 21:57:55 status half-installed isc-dhcp-common:armhf 4.4.1-2
2021-03-18 21:57:56 status unpacked isc-dhcp-common:armhf 4.4.1-2
2021-03-18 21:57:56 install kmod:armhf <none> 26-1
2021-03-18 21:57:56 status half-installed kmod:armhf 26-1
2021-03-18 21:57:57 status unpacked kmod:armhf 26-1
2021-03-18 21:57:58 install less:armhf <none> 487-0.1+b1
2021-03-18 21:57:58 status half-installed less:armhf 487-0.1+b1
2021-03-18 21:57:58 status unpacked less:armhf 487-0.1+b1
2021-03-18 21:57:59 install libbsd0:armhf <none> 0.9.1-2
2021-03-18 21:57:59 status half-installed libbsd0:armhf 0.9.1-2
2021-03-18 21:57:59 status unpacked libbsd0:armhf 0.9.1-2
2021-03-18 21:58:00 install libcap2-bin:armhf <none> 1:2.25-2
2021-03-18 21:58:00 status half-installed libcap2-bin:armhf 1:2.25-2
2021-03-18 21:58:00 status unpacked libcap2-bin:armhf 1:2.25-2
2021-03-18 21:58:01 install libestr0:armhf <none> 0.1.10-2.1
2021-03-18 21:58:01 status half-installed libestr0:armhf 0.1.10-2.1
2021-03-18 21:58:01 status unpacked libestr0:armhf 0.1.10-2.1
2021-03-18 21:58:02 install libfastjson4:armhf <none> 0.99.8-2
2021-03-18 21:58:02 status half-installed libfastjson4:armhf 0.99.8-2
2021-03-18 21:58:02 status unpacked libfastjson4:armhf 0.99.8-2
2021-03-18 21:58:03 install liblocale-gettext-perl:armhf <none> 1.07-3+b4
2021-03-18 21:58:03 status half-installed liblocale-gettext-perl:armhf 1.07-3+b4
2021-03-18 21:58:03 status unpacked liblocale-gettext-perl:armhf 1.07-3+b4
2021-03-18 21:58:04 install liblognorm5:armhf <none> 2.0.5-1
2021-03-18 21:58:04 status half-installed liblognorm5:armhf 2.0.5-1
2021-03-18 21:58:04 status unpacked liblognorm5:armhf 2.0.5-1
2021-03-18 21:58:05 install libmnl0:armhf <none> 1.0.4-2
2021-03-18 21:58:05 status half-installed libmnl0:armhf 1.0.4-2
2021-03-18 21:58:06 status unpacked libmnl0:armhf 1.0.4-2
2021-03-18 21:58:06 install libnetfilter-conntrack3:armhf <none> 1.0.7-1
2021-03-18 21:58:06 status half-installed libnetfilter-conntrack3:armhf 1.0.7-1
2021-03-18 21:58:07 status unpacked libnetfilter-conntrack3:armhf 1.0.7-1
2021-03-18 21:58:07 install libnfnetlink0:armhf <none> 1.0.1-3+b1
2021-03-18 21:58:07 status half-installed libnfnetlink0:armhf 1.0.1-3+b1
2021-03-18 21:58:08 status unpacked libnfnetlink0:armhf 1.0.1-3+b1
2021-03-18 21:58:08 install libnftnl11:armhf <none> 1.1.2-2
2021-03-18 21:58:08 status half-installed libnftnl11:armhf 1.1.2-2
2021-03-18 21:58:09 status unpacked libnftnl11:armhf 1.1.2-2
2021-03-18 21:58:09 install libtext-charwidth-perl:armhf <none> 0.04-7.1+b1
2021-03-18 21:58:09 status half-installed libtext-charwidth-perl:armhf 0.04-7.1+b1
2021-03-18 21:58:10 status unpacked libtext-charwidth-perl:armhf 0.04-7.1+b1
2021-03-18 21:58:10 install libtext-iconv-perl:armhf <none> 1.7-5+b7
2021-03-18 21:58:10 status half-installed libtext-iconv-perl:armhf 1.7-5+b7
2021-03-18 21:58:11 status unpacked libtext-iconv-perl:armhf 1.7-5+b7
2021-03-18 21:58:11 install libtext-wrapi18n-perl:all <none> 0.06-7.1
2021-03-18 21:58:11 status half-installed libtext-wrapi18n-perl:all 0.06-7.1
2021-03-18 21:58:12 status unpacked libtext-wrapi18n-perl:all 0.06-7.1
2021-03-18 21:58:13 install logrotate:armhf <none> 3.14.0-4
2021-03-18 21:58:13 status half-installed logrotate:armhf 3.14.0-4
2021-03-18 21:58:13 status unpacked logrotate:armhf 3.14.0-4
2021-03-18 21:58:14 install lsb-base:all <none> 10.2019051400
2021-03-18 21:58:14 status half-installed lsb-base:all 10.2019051400
2021-03-18 21:58:14 status unpacked lsb-base:all 10.2019051400
2021-03-18 21:58:15 install nano:armhf <none> 3.2-3
2021-03-18 21:58:15 status half-installed nano:armhf 3.2-3
2021-03-18 21:58:16 status unpacked nano:armhf 3.2-3
2021-03-18 21:58:17 install libncurses6:armhf <none> 6.1+20181013-2+deb10u2
2021-03-18 21:58:17 status half-installed libncurses6:armhf 6.1+20181013-2+deb10u2
2021-03-18 21:58:17 status unpacked libncurses6:armhf 6.1+20181013-2+deb10u2
2021-03-18 21:58:18 install netbase:all <none> 5.6
2021-03-18 21:58:18 status half-installed netbase:all 5.6
2021-03-18 21:58:19 status unpacked netbase:all 5.6
2021-03-18 21:58:19 install libnewt0.52:armhf <none> 0.52.20-8
2021-03-18 21:58:19 status half-installed libnewt0.52:armhf 0.52.20-8
2021-03-18 21:58:20 status unpacked libnewt0.52:armhf 0.52.20-8
2021-03-18 21:58:21 install whiptail:armhf <none> 0.52.20-8
2021-03-18 21:58:21 status half-installed whiptail:armhf 0.52.20-8
2021-03-18 21:58:22 status unpacked whiptail:armhf 0.52.20-8
2021-03-18 21:58:22 install libpopt0:armhf <none> 1.16-12
2021-03-18 21:58:22 status half-installed libpopt0:armhf 1.16-12
2021-03-18 21:58:23 status unpacked libpopt0:armhf 1.16-12
2021-03-18 21:58:24 install libprocps7:armhf <none> 2:3.3.15-2
2021-03-18 21:58:24 status half-installed libprocps7:armhf 2:3.3.15-2
2021-03-18 21:58:24 status unpacked libprocps7:armhf 2:3.3.15-2
2021-03-18 21:58:25 install procps:armhf <none> 2:3.3.15-2
2021-03-18 21:58:25 status half-installed procps:armhf 2:3.3.15-2
2021-03-18 21:58:25 status unpacked procps:armhf 2:3.3.15-2
2021-03-18 21:58:26 install readline-common:all <none> 7.0-5
2021-03-18 21:58:26 status half-installed readline-common:all 7.0-5
2021-03-18 21:58:26 status unpacked readline-common:all 7.0-5
2021-03-18 21:58:27 install rsyslog:armhf <none> 8.1901.0-1
2021-03-18 21:58:27 status half-installed rsyslog:armhf 8.1901.0-1
2021-03-18 21:58:28 status unpacked rsyslog:armhf 8.1901.0-1
2021-03-18 21:58:29 install sensible-utils:all <none> 0.0.12
2021-03-18 21:58:29 status half-installed sensible-utils:all 0.0.12
2021-03-18 21:58:29 status unpacked sensible-utils:all 0.0.12
2021-03-18 21:58:30 install libslang2:armhf <none> 2.3.2-2
2021-03-18 21:58:30 status half-installed libslang2:armhf 2.3.2-2
2021-03-18 21:58:30 status unpacked libslang2:armhf 2.3.2-2
2021-03-18 21:58:31 install udev:armhf <none> 241-7~deb10u6
2021-03-18 21:58:31 status half-installed udev:armhf 241-7~deb10u6
2021-03-18 21:58:33 status unpacked udev:armhf 241-7~deb10u6
2021-03-18 21:58:34 install tasksel:all <none> 3.53
2021-03-18 21:58:34 status half-installed tasksel:all 3.53
2021-03-18 21:58:35 status unpacked tasksel:all 3.53
2021-03-18 21:58:35 install tasksel-data:all <none> 3.53
2021-03-18 21:58:35 status half-installed tasksel-data:all 3.53
2021-03-18 21:58:36 status unpacked tasksel-data:all 3.53
2021-03-18 21:58:37 install vim-common:all <none> 2:8.1.0875-5
2021-03-18 21:58:37 status half-installed vim-common:all 2:8.1.0875-5
2021-03-18 21:58:38 status unpacked vim-common:all 2:8.1.0875-5
2021-03-18 21:58:39 install vim-tiny:armhf <none> 2:8.1.0875-5
2021-03-18 21:58:39 status half-installed vim-tiny:armhf 2:8.1.0875-5
2021-03-18 21:58:39 status unpacked vim-tiny:armhf 2:8.1.0875-5
2021-03-18 21:58:40 install xxd:armhf <none> 2:8.1.0875-5
2021-03-18 21:58:40 status half-installed xxd:armhf 2:8.1.0875-5
2021-03-18 21:58:41 status unpacked xxd:armhf 2:8.1.0875-5
2021-03-18 21:58:41 trigproc libc-bin:armhf 2.28-10 <none>
2021-03-18 21:58:41 status half-configured libc-bin:armhf 2.28-10
2021-03-18 21:58:42 status installed libc-bin:armhf 2.28-10
2021-03-18 21:58:42 trigproc systemd:armhf 241-7~deb10u6 <none>
2021-03-18 21:58:42 status half-configured systemd:armhf 241-7~deb10u6
2021-03-18 21:58:43 status installed systemd:armhf 241-7~deb10u6
2021-03-18 21:58:43 startup packages configure
2021-03-18 21:58:43 configure cpio:armhf 2.12+dfsg-9 <none>
2021-03-18 21:58:43 status unpacked cpio:armhf 2.12+dfsg-9
2021-03-18 21:58:44 status half-configured cpio:armhf 2.12+dfsg-9
2021-03-18 21:58:44 status installed cpio:armhf 2.12+dfsg-9
2021-03-18 21:58:44 configure libtext-iconv-perl:armhf 1.7-5+b7 <none>
2021-03-18 21:58:44 status unpacked libtext-iconv-perl:armhf 1.7-5+b7
2021-03-18 21:58:44 status half-configured libtext-iconv-perl:armhf 1.7-5+b7
2021-03-18 21:58:45 status installed libtext-iconv-perl:armhf 1.7-5+b7
2021-03-18 21:58:45 configure libtext-charwidth-perl:armhf 0.04-7.1+b1 <none>
2021-03-18 21:58:45 status unpacked libtext-charwidth-perl:armhf 0.04-7.1+b1
2021-03-18 21:58:45 status half-configured libtext-charwidth-perl:armhf 0.04-7.1+b1
2021-03-18 21:58:45 status installed libtext-charwidth-perl:armhf 0.04-7.1+b1
2021-03-18 21:58:45 configure lsb-base:all 10.2019051400 <none>
2021-03-18 21:58:45 status unpacked lsb-base:all 10.2019051400
2021-03-18 21:58:46 status half-configured lsb-base:all 10.2019051400
2021-03-18 21:58:46 status installed lsb-base:all 10.2019051400
2021-03-18 21:58:46 configure libip6tc0:armhf 1.8.2-4 <none>
2021-03-18 21:58:46 status triggers-pending libc-bin:armhf 2.28-10
2021-03-18 21:58:46 status unpacked libip6tc0:armhf 1.8.2-4
2021-03-18 21:58:46 status half-configured libip6tc0:armhf 1.8.2-4
2021-03-18 21:58:47 status installed libip6tc0:armhf 1.8.2-4
2021-03-18 21:58:47 configure init:armhf 1.56+nmu1 <none>
2021-03-18 21:58:47 status unpacked init:armhf 1.56+nmu1
2021-03-18 21:58:47 status half-configured init:armhf 1.56+nmu1
2021-03-18 21:58:47 status installed init:armhf 1.56+nmu1
2021-03-18 21:58:47 configure libestr0:armhf 0.1.10-2.1 <none>
2021-03-18 21:58:47 status unpacked libestr0:armhf 0.1.10-2.1
2021-03-18 21:58:48 status half-configured libestr0:armhf 0.1.10-2.1
2021-03-18 21:58:48 status installed libestr0:armhf 0.1.10-2.1
2021-03-18 21:58:48 configure libfastjson4:armhf 0.99.8-2 <none>
2021-03-18 21:58:48 status unpacked libfastjson4:armhf 0.99.8-2
2021-03-18 21:58:48 status half-configured libfastjson4:armhf 0.99.8-2
2021-03-18 21:58:48 status installed libfastjson4:armhf 0.99.8-2
2021-03-18 21:58:49 configure libprocps7:armhf 2:3.3.15-2 <none>
2021-03-18 21:58:49 status unpacked libprocps7:armhf 2:3.3.15-2
2021-03-18 21:58:49 status half-configured libprocps7:armhf 2:3.3.15-2
2021-03-18 21:58:49 status installed libprocps7:armhf 2:3.3.15-2
2021-03-18 21:58:49 configure less:armhf 487-0.1+b1 <none>
2021-03-18 21:58:49 status unpacked less:armhf 487-0.1+b1
2021-03-18 21:58:49 status half-configured less:armhf 487-0.1+b1
2021-03-18 21:58:52 status installed less:armhf 487-0.1+b1
2021-03-18 21:58:52 configure kmod:armhf 26-1 <none>
2021-03-18 21:58:52 status unpacked kmod:armhf 26-1
2021-03-18 21:58:52 status triggers-pending systemd:armhf 241-7~deb10u6
2021-03-18 21:58:52 status half-configured kmod:armhf 26-1
2021-03-18 21:58:53 status installed kmod:armhf 26-1
2021-03-18 21:58:53 configure libapt-inst2.0:armhf 1.8.2.2 <none>
2021-03-18 21:58:53 status unpacked libapt-inst2.0:armhf 1.8.2.2
2021-03-18 21:58:53 status half-configured libapt-inst2.0:armhf 1.8.2.2
2021-03-18 21:58:54 status installed libapt-inst2.0:armhf 1.8.2.2
2021-03-18 21:58:54 configure libtext-wrapi18n-perl:all 0.06-7.1 <none>
2021-03-18 21:58:54 status unpacked libtext-wrapi18n-perl:all 0.06-7.1
2021-03-18 21:58:54 status half-configured libtext-wrapi18n-perl:all 0.06-7.1
2021-03-18 21:58:54 status installed libtext-wrapi18n-perl:all 0.06-7.1
2021-03-18 21:58:54 configure xxd:armhf 2:8.1.0875-5 <none>
2021-03-18 21:58:54 status unpacked xxd:armhf 2:8.1.0875-5
2021-03-18 21:58:54 status half-configured xxd:armhf 2:8.1.0875-5
2021-03-18 21:58:54 status installed xxd:armhf 2:8.1.0875-5
2021-03-18 21:58:55 configure libcap2-bin:armhf 1:2.25-2 <none>
2021-03-18 21:58:55 status unpacked libcap2-bin:armhf 1:2.25-2
2021-03-18 21:58:55 status half-configured libcap2-bin:armhf 1:2.25-2
2021-03-18 21:58:55 status installed libcap2-bin:armhf 1:2.25-2
2021-03-18 21:58:55 configure vim-common:all 2:8.1.0875-5 <none>
2021-03-18 21:58:55 status unpacked vim-common:all 2:8.1.0875-5
2021-03-18 21:58:55 status half-configured vim-common:all 2:8.1.0875-5
2021-03-18 21:58:55 status installed vim-common:all 2:8.1.0875-5
2021-03-18 21:58:55 configure libslang2:armhf 2.3.2-2 <none>
2021-03-18 21:58:55 status unpacked libslang2:armhf 2.3.2-2
2021-03-18 21:58:56 status half-configured libslang2:armhf 2.3.2-2
2021-03-18 21:58:56 status installed libslang2:armhf 2.3.2-2
2021-03-18 21:58:56 configure libiptc0:armhf 1.8.2-4 <none>
2021-03-18 21:58:56 status unpacked libiptc0:armhf 1.8.2-4
2021-03-18 21:58:56 status half-configured libiptc0:armhf 1.8.2-4
2021-03-18 21:58:56 status installed libiptc0:armhf 1.8.2-4
2021-03-18 21:58:56 configure libncurses6:armhf 6.1+20181013-2+deb10u2 <none>
2021-03-18 21:58:56 status unpacked libncurses6:armhf 6.1+20181013-2+deb10u2
2021-03-18 21:58:56 status half-configured libncurses6:armhf 6.1+20181013-2+deb10u2
2021-03-18 21:58:56 status installed libncurses6:armhf 6.1+20181013-2+deb10u2
2021-03-18 21:58:57 configure libmnl0:armhf 1.0.4-2 <none>
2021-03-18 21:58:57 status unpacked libmnl0:armhf 1.0.4-2
2021-03-18 21:58:57 status half-configured libmnl0:armhf 1.0.4-2
2021-03-18 21:58:57 status installed libmnl0:armhf 1.0.4-2
2021-03-18 21:58:57 configure udev:armhf 241-7~deb10u6 <none>
2021-03-18 21:58:57 status unpacked udev:armhf 241-7~deb10u6
2021-03-18 21:58:57 status half-configured udev:armhf 241-7~deb10u6
2021-03-18 21:59:08 status installed udev:armhf 241-7~deb10u6
2021-03-18 21:59:08 configure libxtables12:armhf 1.8.2-4 <none>
2021-03-18 21:59:08 status unpacked libxtables12:armhf 1.8.2-4
2021-03-18 21:59:08 status half-configured libxtables12:armhf 1.8.2-4
2021-03-18 21:59:08 status installed libxtables12:armhf 1.8.2-4
2021-03-18 21:59:08 configure gdbm-l10n:all 1.18.1-4 <none>
2021-03-18 21:59:08 status unpacked gdbm-l10n:all 1.18.1-4
2021-03-18 21:59:08 status half-configured gdbm-l10n:all 1.18.1-4
2021-03-18 21:59:08 status installed gdbm-l10n:all 1.18.1-4
2021-03-18 21:59:09 configure libisc-export1100:armhf 1:9.11.5.P4+dfsg-5.1+deb10u2 <none>
2021-03-18 21:59:09 status unpacked libisc-export1100:armhf 1:9.11.5.P4+dfsg-5.1+deb10u2
2021-03-18 21:59:09 status half-configured libisc-export1100:armhf 1:9.11.5.P4+dfsg-5.1+deb10u2
2021-03-18 21:59:09 status installed libisc-export1100:armhf 1:9.11.5.P4+dfsg-5.1+deb10u2
2021-03-18 21:59:09 configure liblognorm5:armhf 2.0.5-1 <none>
2021-03-18 21:59:09 status unpacked liblognorm5:armhf 2.0.5-1
2021-03-18 21:59:09 status half-configured liblognorm5:armhf 2.0.5-1
2021-03-18 21:59:09 status installed liblognorm5:armhf 2.0.5-1
2021-03-18 21:59:09 configure nano:armhf 3.2-3 <none>
2021-03-18 21:59:09 status unpacked nano:armhf 3.2-3
2021-03-18 21:59:10 status half-configured nano:armhf 3.2-3
2021-03-18 21:59:10 status installed nano:armhf 3.2-3
2021-03-18 21:59:10 configure sensible-utils:all 0.0.12 <none>
2021-03-18 21:59:10 status unpacked sensible-utils:all 0.0.12
2021-03-18 21:59:10 status half-configured sensible-utils:all 0.0.12
2021-03-18 21:59:10 status installed sensible-utils:all 0.0.12
2021-03-18 21:59:11 configure libnfnetlink0:armhf 1.0.1-3+b1 <none>
2021-03-18 21:59:11 status unpacked libnfnetlink0:armhf 1.0.1-3+b1
2021-03-18 21:59:11 status half-configured libnfnetlink0:armhf 1.0.1-3+b1
2021-03-18 21:59:11 status installed libnfnetlink0:armhf 1.0.1-3+b1
2021-03-18 21:59:11 configure procps:armhf 2:3.3.15-2 <none>
2021-03-18 21:59:11 status unpacked procps:armhf 2:3.3.15-2
2021-03-18 21:59:12 status half-configured procps:armhf 2:3.3.15-2
2021-03-18 21:59:12 status installed procps:armhf 2:3.3.15-2
2021-03-18 21:59:12 configure netbase:all 5.6 <none>
2021-03-18 21:59:12 status unpacked netbase:all 5.6
2021-03-18 21:59:13 status half-configured netbase:all 5.6
2021-03-18 21:59:13 status installed netbase:all 5.6
2021-03-18 21:59:13 configure isc-dhcp-common:armhf 4.4.1-2 <none>
2021-03-18 21:59:13 status unpacked isc-dhcp-common:armhf 4.4.1-2
2021-03-18 21:59:13 status half-configured isc-dhcp-common:armhf 4.4.1-2
2021-03-18 21:59:13 status installed isc-dhcp-common:armhf 4.4.1-2
2021-03-18 21:59:13 configure dmidecode:armhf 3.2-1 <none>
2021-03-18 21:59:13 status unpacked dmidecode:armhf 3.2-1
2021-03-18 21:59:13 status half-configured dmidecode:armhf 3.2-1
2021-03-18 21:59:14 status installed dmidecode:armhf 3.2-1
2021-03-18 21:59:14 configure libbsd0:armhf 0.9.1-2 <none>
2021-03-18 21:59:14 status unpacked libbsd0:armhf 0.9.1-2
2021-03-18 21:59:14 status half-configured libbsd0:armhf 0.9.1-2
2021-03-18 21:59:14 status installed libbsd0:armhf 0.9.1-2
2021-03-18 21:59:14 configure libelf1:armhf 0.176-1.1 <none>
2021-03-18 21:59:14 status unpacked libelf1:armhf 0.176-1.1
2021-03-18 21:59:14 status half-configured libelf1:armhf 0.176-1.1
2021-03-18 21:59:14 status installed libelf1:armhf 0.176-1.1
2021-03-18 21:59:14 configure libdns-export1104:armhf 1:9.11.5.P4+dfsg-5.1+deb10u2 <none>
2021-03-18 21:59:14 status unpacked libdns-export1104:armhf 1:9.11.5.P4+dfsg-5.1+deb10u2
2021-03-18 21:59:15 status half-configured libdns-export1104:armhf 1:9.11.5.P4+dfsg-5.1+deb10u2
2021-03-18 21:59:15 status installed libdns-export1104:armhf 1:9.11.5.P4+dfsg-5.1+deb10u2
2021-03-18 21:59:15 configure iputils-ping:armhf 3:20180629-2+deb10u1 <none>
2021-03-18 21:59:15 status unpacked iputils-ping:armhf 3:20180629-2+deb10u1
2021-03-18 21:59:15 status half-configured iputils-ping:armhf 3:20180629-2+deb10u1
2021-03-18 21:59:15 status installed iputils-ping:armhf 3:20180629-2+deb10u1
2021-03-18 21:59:15 configure readline-common:all 7.0-5 <none>
2021-03-18 21:59:15 status unpacked readline-common:all 7.0-5
2021-03-18 21:59:15 status half-configured readline-common:all 7.0-5
2021-03-18 21:59:16 status installed readline-common:all 7.0-5
2021-03-18 21:59:16 configure liblocale-gettext-perl:armhf 1.07-3+b4 <none>
2021-03-18 21:59:16 status unpacked liblocale-gettext-perl:armhf 1.07-3+b4
2021-03-18 21:59:16 status half-configured liblocale-gettext-perl:armhf 1.07-3+b4
2021-03-18 21:59:16 status installed liblocale-gettext-perl:armhf 1.07-3+b4
2021-03-18 21:59:16 configure libpopt0:armhf 1.16-12 <none>
2021-03-18 21:59:16 status unpacked libpopt0:armhf 1.16-12
2021-03-18 21:59:16 status half-configured libpopt0:armhf 1.16-12
2021-03-18 21:59:16 status installed libpopt0:armhf 1.16-12
2021-03-18 21:59:16 configure logrotate:armhf 3.14.0-4 <none>
2021-03-18 21:59:16 status unpacked logrotate:armhf 3.14.0-4
2021-03-18 21:59:17 status half-configured logrotate:armhf 3.14.0-4
2021-03-18 21:59:19 status installed logrotate:armhf 3.14.0-4
2021-03-18 21:59:19 configure libnewt0.52:armhf 0.52.20-8 <none>
2021-03-18 21:59:19 status unpacked libnewt0.52:armhf 0.52.20-8
2021-03-18 21:59:19 status half-configured libnewt0.52:armhf 0.52.20-8
2021-03-18 21:59:19 status installed libnewt0.52:armhf 0.52.20-8
2021-03-18 21:59:19 configure apt-utils:armhf 1.8.2.2 <none>
2021-03-18 21:59:19 status unpacked apt-utils:armhf 1.8.2.2
2021-03-18 21:59:19 status half-configured apt-utils:armhf 1.8.2.2
2021-03-18 21:59:20 status installed apt-utils:armhf 1.8.2.2
2021-03-18 21:59:20 configure iproute2:armhf 4.20.0-2+deb10u1 <none>
2021-03-18 21:59:20 status unpacked iproute2:armhf 4.20.0-2+deb10u1
2021-03-18 21:59:21 status half-configured iproute2:armhf 4.20.0-2+deb10u1
2021-03-18 21:59:23 status installed iproute2:armhf 4.20.0-2+deb10u1
2021-03-18 21:59:23 configure cron:armhf 3.0pl1-134+deb10u1 <none>
2021-03-18 21:59:23 status unpacked cron:armhf 3.0pl1-134+deb10u1
2021-03-18 21:59:24 status half-configured cron:armhf 3.0pl1-134+deb10u1
2021-03-18 21:59:27 status installed cron:armhf 3.0pl1-134+deb10u1
2021-03-18 21:59:27 configure rsyslog:armhf 8.1901.0-1 <none>
2021-03-18 21:59:27 status unpacked rsyslog:armhf 8.1901.0-1
2021-03-18 21:59:28 status half-configured rsyslog:armhf 8.1901.0-1
2021-03-18 21:59:29 status installed rsyslog:armhf 8.1901.0-1
2021-03-18 21:59:29 configure isc-dhcp-client:armhf 4.4.1-2 <none>
2021-03-18 21:59:29 status unpacked isc-dhcp-client:armhf 4.4.1-2
2021-03-18 21:59:30 status half-configured isc-dhcp-client:armhf 4.4.1-2
2021-03-18 21:59:30 status installed isc-dhcp-client:armhf 4.4.1-2
2021-03-18 21:59:30 configure debconf-i18n:all 1.5.71 <none>
2021-03-18 21:59:30 status unpacked debconf-i18n:all 1.5.71
2021-03-18 21:59:30 status half-configured debconf-i18n:all 1.5.71
2021-03-18 21:59:30 status installed debconf-i18n:all 1.5.71
2021-03-18 21:59:31 configure libnftnl11:armhf 1.1.2-2 <none>
2021-03-18 21:59:31 status unpacked libnftnl11:armhf 1.1.2-2
2021-03-18 21:59:31 status half-configured libnftnl11:armhf 1.1.2-2
2021-03-18 21:59:31 status installed libnftnl11:armhf 1.1.2-2
2021-03-18 21:59:31 configure vim-tiny:armhf 2:8.1.0875-5 <none>
2021-03-18 21:59:31 status unpacked vim-tiny:armhf 2:8.1.0875-5
2021-03-18 21:59:31 status half-configured vim-tiny:armhf 2:8.1.0875-5
2021-03-18 21:59:33 status installed vim-tiny:armhf 2:8.1.0875-5
2021-03-18 21:59:33 configure ifupdown:armhf 0.8.35 <none>
2021-03-18 21:59:33 status unpacked ifupdown:armhf 0.8.35
2021-03-18 21:59:33 status half-configured ifupdown:armhf 0.8.35
2021-03-18 21:59:36 status installed ifupdown:armhf 0.8.35
2021-03-18 21:59:37 configure bsdmainutils:armhf 11.1.2+b1 <none>
2021-03-18 21:59:37 status unpacked bsdmainutils:armhf 11.1.2+b1
2021-03-18 21:59:37 status half-configured bsdmainutils:armhf 11.1.2+b1
2021-03-18 21:59:37 status installed bsdmainutils:armhf 11.1.2+b1
2021-03-18 21:59:38 configure whiptail:armhf 0.52.20-8 <none>
2021-03-18 21:59:38 status unpacked whiptail:armhf 0.52.20-8
2021-03-18 21:59:38 status half-configured whiptail:armhf 0.52.20-8
2021-03-18 21:59:38 status installed whiptail:armhf 0.52.20-8
2021-03-18 21:59:38 configure libnetfilter-conntrack3:armhf 1.0.7-1 <none>
2021-03-18 21:59:38 status unpacked libnetfilter-conntrack3:armhf 1.0.7-1
2021-03-18 21:59:38 status half-configured libnetfilter-conntrack3:armhf 1.0.7-1
2021-03-18 21:59:38 status installed libnetfilter-conntrack3:armhf 1.0.7-1
2021-03-18 21:59:38 configure iptables:armhf 1.8.2-4 <none>
2021-03-18 21:59:38 status unpacked iptables:armhf 1.8.2-4
2021-03-18 21:59:39 status half-configured iptables:armhf 1.8.2-4
2021-03-18 21:59:39 status installed iptables:armhf 1.8.2-4
2021-03-18 21:59:40 configure tasksel-data:all 3.53 <none>
2021-03-18 21:59:40 status unpacked tasksel-data:all 3.53
2021-03-18 21:59:40 status half-configured tasksel-data:all 3.53
2021-03-18 21:59:40 status installed tasksel-data:all 3.53
2021-03-18 21:59:40 configure tasksel:all 3.53 <none>
2021-03-18 21:59:40 status unpacked tasksel:all 3.53
2021-03-18 21:59:40 status half-configured tasksel:all 3.53
2021-03-18 21:59:42 status installed tasksel:all 3.53
2021-03-18 21:59:42 trigproc libc-bin:armhf 2.28-10 <none>
2021-03-18 21:59:42 status half-configured libc-bin:armhf 2.28-10
2021-03-18 21:59:43 status installed libc-bin:armhf 2.28-10
2021-03-18 21:59:43 trigproc systemd:armhf 241-7~deb10u6 <none>
2021-03-18 21:59:43 status half-configured systemd:armhf 241-7~deb10u6
2021-03-18 21:59:43 status installed systemd:armhf 241-7~deb10u6
